0 verbose cli /usr/local/bin/node /usr/local/bin/npm
1 info using npm@11.6.1
2 info using node@v24.11.0
3 silly config load:file:/usr/local/lib/node_modules/npm/npmrc
4 silly config load:file:/Users/saidharkotha/Desktop/Survey/storepulse-ai/frontend/.npmrc
5 silly config load:file:/Users/saidharkotha/.npmrc
6 silly config load:file:/Users/saidharkotha/.npm-global/etc/npmrc
7 verbose title npm install framer-motion clsx tailwind-merge lucide-react@latest
8 verbose argv "install" "--cache" ".npm-cache" "framer-motion" "clsx" "tailwind-merge" "lucide-react@latest"
9 verbose logfile logs-max:10 dir:/Users/saidharkotha/Desktop/Survey/storepulse-ai/frontend/.npm-cache/_logs/2026-02-23T01_07_22_801Z-
10 verbose logfile /Users/saidharkotha/Desktop/Survey/storepulse-ai/frontend/.npm-cache/_logs/2026-02-23T01_07_22_801Z-debug-0.log
11 silly logfile done cleaning log files
12 silly packumentCache heap:2348810240 maxSize:587202560 maxEntrySize:293601280
13 verbose shrinkwrap failed to load node_modules/.package-lock.json out of date, updated: node_modules
14 silly packumentCache corgi:https://registry.npmjs.org/lucide-react cache-miss
15 http fetch GET 200 https://registry.npmjs.org/lucide-react 417ms (cache miss)
16 silly packumentCache corgi:https://registry.npmjs.org/lucide-react set size:undefined disposed:false
17 silly idealTree buildDeps
18 silly fetch manifest lucide-react@0.575.0
19 silly packumentCache full:https://registry.npmjs.org/lucide-react cache-miss
20 http fetch GET 200 https://registry.npmjs.org/lucide-react 58ms (cache revalidated)
21 silly packumentCache full:https://registry.npmjs.org/lucide-react set size:2192180 disposed:false
22 silly fetch manifest react@19.2.3
23 silly packumentCache full:https://registry.npmjs.org/react cache-miss
24 http fetch GET 200 https://registry.npmjs.org/react 88ms (cache revalidated)
25 silly packumentCache full:https://registry.npmjs.org/react set size:6508025 disposed:false
26 silly fetch manifest framer-motion@*
27 silly packumentCache full:https://registry.npmjs.org/framer-motion cache-miss
28 http fetch GET 200 https://registry.npmjs.org/framer-motion 156ms (cache miss)
29 silly packumentCache full:https://registry.npmjs.org/framer-motion set size:undefined disposed:false
30 silly fetch manifest @emotion/is-prop-valid@*
31 silly packumentCache full:https://registry.npmjs.org/@emotion%2fis-prop-valid cache-miss
32 http fetch GET 200 https://registry.npmjs.org/@emotion%2fis-prop-valid 155ms (cache miss)
33 silly packumentCache full:https://registry.npmjs.org/@emotion%2fis-prop-valid set size:undefined disposed:false
34 silly fetch manifest react-dom@19.2.3
35 silly packumentCache full:https://registry.npmjs.org/react-dom cache-miss
36 http fetch GET 200 https://registry.npmjs.org/react-dom 80ms (cache revalidated)
37 silly packumentCache full:https://registry.npmjs.org/react-dom set size:8624335 disposed:false
38 silly fetch manifest clsx@*
39 silly packumentCache full:https://registry.npmjs.org/clsx cache-miss
40 http fetch GET 200 https://registry.npmjs.org/clsx 57ms (cache miss)
41 silly packumentCache full:https://registry.npmjs.org/clsx set size:undefined disposed:false
42 silly fetch manifest tailwind-merge@*
43 silly packumentCache full:https://registry.npmjs.org/tailwind-merge cache-miss
44 http fetch GET 200 https://registry.npmjs.org/tailwind-merge 66ms (cache miss)
45 silly packumentCache full:https://registry.npmjs.org/tailwind-merge set size:undefined disposed:false
46 silly placeDep ROOT clsx@2.1.1 OK for: frontend@0.1.0 want: *
47 silly placeDep ROOT framer-motion@12.34.3 OK for: frontend@0.1.0 want: *
48 silly placeDep ROOT lucide-react@0.575.0 REPLACE for: frontend@0.1.0 want: 0.575.0
49 silly placeDep ROOT tailwind-merge@3.5.0 OK for: frontend@0.1.0 want: *
50 silly fetch manifest motion-dom@^12.34.3
51 silly packumentCache full:https://registry.npmjs.org/motion-dom cache-miss
52 silly fetch manifest motion-utils@^12.29.2
53 silly packumentCache full:https://registry.npmjs.org/motion-utils cache-miss
54 http fetch GET 200 https://registry.npmjs.org/motion-dom 60ms (cache miss)
55 silly packumentCache full:https://registry.npmjs.org/motion-dom set size:undefined disposed:false
56 http fetch GET 200 https://registry.npmjs.org/motion-utils 172ms (cache miss)
57 silly packumentCache full:https://registry.npmjs.org/motion-utils set size:undefined disposed:false
58 silly placeDep ROOT motion-dom@12.34.3 OK for: framer-motion@12.34.3 want: ^12.34.3
59 silly placeDep ROOT motion-utils@12.29.2 OK for: framer-motion@12.34.3 want: ^12.29.2
60 silly reify moves {}
61 verbose reify failed optional dependency /Users/saidharkotha/Desktop/Survey/storepulse-ai/frontend/node_modules/@tailwindcss/oxide-wasm32-wasi
62 silly reify mark deleted [
62 silly reify   '/Users/saidharkotha/Desktop/Survey/storepulse-ai/frontend/node_modules/@tailwindcss/oxide-wasm32-wasi'
62 silly reify ]
63 silly audit bulk request {
63 silly audit   '@alloc/quick-lru': [ '5.2.0' ],
63 silly audit   '@babel/code-frame': [ '7.29.0' ],
63 silly audit   '@babel/compat-data': [ '7.29.0' ],
63 silly audit   '@babel/core': [ '7.29.0' ],
63 silly audit   '@babel/generator': [ '7.29.1' ],
63 silly audit   '@babel/helper-compilation-targets': [ '7.28.6' ],
63 silly audit   '@babel/helper-globals': [ '7.28.0' ],
63 silly audit   '@babel/helper-module-imports': [ '7.28.6' ],
63 silly audit   '@babel/helper-module-transforms': [ '7.28.6' ],
63 silly audit   '@babel/helper-string-parser': [ '7.27.1' ],
63 silly audit   '@babel/helper-validator-identifier': [ '7.28.5' ],
63 silly audit   '@babel/helper-validator-option': [ '7.27.1' ],
63 silly audit   '@babel/helpers': [ '7.28.6' ],
63 silly audit   '@babel/parser': [ '7.29.0' ],
63 silly audit   '@babel/template': [ '7.28.6' ],
63 silly audit   '@babel/traverse': [ '7.29.0' ],
63 silly audit   '@babel/types': [ '7.29.0' ],
63 silly audit   '@emnapi/core': [ '1.8.1' ],
63 silly audit   '@emnapi/runtime': [ '1.8.1' ],
63 silly audit   '@emnapi/wasi-threads': [ '1.1.0' ],
63 silly audit   '@eslint-community/eslint-utils': [ '4.9.1' ],
63 silly audit   'eslint-visitor-keys': [ '3.4.3', '5.0.1', '4.2.1' ],
63 silly audit   '@eslint-community/regexpp': [ '4.12.2' ],
63 silly audit   '@eslint/config-array': [ '0.21.1' ],
63 silly audit   '@eslint/config-helpers': [ '0.4.2' ],
63 silly audit   '@eslint/core': [ '0.17.0' ],
63 silly audit   '@eslint/eslintrc': [ '3.3.3' ],
63 silly audit   '@eslint/js': [ '9.39.3' ],
63 silly audit   '@eslint/object-schema': [ '2.1.7' ],
63 silly audit   '@eslint/plugin-kit': [ '0.4.1' ],
63 silly audit   '@humanfs/core': [ '0.19.1' ],
63 silly audit   '@humanfs/node': [ '0.16.7' ],
63 silly audit   '@humanwhocodes/module-importer': [ '1.0.1' ],
63 silly audit   '@humanwhocodes/retry': [ '0.4.3' ],
63 silly audit   '@img/colour': [ '1.0.0' ],
63 silly audit   '@img/sharp-darwin-arm64': [ '0.34.5' ],
63 silly audit   '@img/sharp-darwin-x64': [ '0.34.5' ],
63 silly audit   '@img/sharp-libvips-darwin-arm64': [ '1.2.4' ],
63 silly audit   '@img/sharp-libvips-darwin-x64': [ '1.2.4' ],
63 silly audit   '@img/sharp-libvips-linux-arm': [ '1.2.4' ],
63 silly audit   '@img/sharp-libvips-linux-arm64': [ '1.2.4' ],
63 silly audit   '@img/sharp-libvips-linux-ppc64': [ '1.2.4' ],
63 silly audit   '@img/sharp-libvips-linux-riscv64': [ '1.2.4' ],
63 silly audit   '@img/sharp-libvips-linux-s390x': [ '1.2.4' ],
63 silly audit   '@img/sharp-libvips-linux-x64': [ '1.2.4' ],
63 silly audit   '@img/sharp-libvips-linuxmusl-arm64': [ '1.2.4' ],
63 silly audit   '@img/sharp-libvips-linuxmusl-x64': [ '1.2.4' ],
63 silly audit   '@img/sharp-linux-arm': [ '0.34.5' ],
63 silly audit   '@img/sharp-linux-arm64': [ '0.34.5' ],
63 silly audit   '@img/sharp-linux-ppc64': [ '0.34.5' ],
63 silly audit   '@img/sharp-linux-riscv64': [ '0.34.5' ],
63 silly audit   '@img/sharp-linux-s390x': [ '0.34.5' ],
63 silly audit   '@img/sharp-linux-x64': [ '0.34.5' ],
63 silly audit   '@img/sharp-linuxmusl-arm64': [ '0.34.5' ],
63 silly audit   '@img/sharp-linuxmusl-x64': [ '0.34.5' ],
63 silly audit   '@img/sharp-wasm32': [ '0.34.5' ],
63 silly audit   '@img/sharp-win32-arm64': [ '0.34.5' ],
63 silly audit   '@img/sharp-win32-ia32': [ '0.34.5' ],
63 silly audit   '@img/sharp-win32-x64': [ '0.34.5' ],
63 silly audit   '@jridgewell/gen-mapping': [ '0.3.13' ],
63 silly audit   '@jridgewell/remapping': [ '2.3.5' ],
63 silly audit   '@jridgewell/resolve-uri': [ '3.1.2' ],
63 silly audit   '@jridgewell/sourcemap-codec': [ '1.5.5' ],
63 silly audit   '@jridgewell/trace-mapping': [ '0.3.31' ],
63 silly audit   '@kurkle/color': [ '0.3.4' ],
63 silly audit   '@napi-rs/wasm-runtime': [ '0.2.12' ],
63 silly audit   '@next/env': [ '16.1.6' ],
63 silly audit   '@next/eslint-plugin-next': [ '16.1.6' ],
63 silly audit   '@next/swc-darwin-arm64': [ '16.1.6' ],
63 silly audit   '@next/swc-darwin-x64': [ '16.1.6' ],
63 silly audit   '@next/swc-linux-arm64-gnu': [ '16.1.6' ],
63 silly audit   '@next/swc-linux-arm64-musl': [ '16.1.6' ],
63 silly audit   '@next/swc-linux-x64-gnu': [ '16.1.6' ],
63 silly audit   '@next/swc-linux-x64-musl': [ '16.1.6' ],
63 silly audit   '@next/swc-win32-arm64-msvc': [ '16.1.6' ],
63 silly audit   '@next/swc-win32-x64-msvc': [ '16.1.6' ],
63 silly audit   '@nodelib/fs.scandir': [ '2.1.5' ],
63 silly audit   '@nodelib/fs.stat': [ '2.0.5' ],
63 silly audit   '@nodelib/fs.walk': [ '1.2.8' ],
63 silly audit   '@nolyfill/is-core-module': [ '1.0.39' ],
63 silly audit   '@rtsao/scc': [ '1.1.0' ],
63 silly audit   '@swc/helpers': [ '0.5.15' ],
63 silly audit   '@tailwindcss/node': [ '4.2.0' ],
63 silly audit   '@tailwindcss/oxide': [ '4.2.0' ],
63 silly audit   '@tailwindcss/oxide-android-arm64': [ '4.2.0' ],
63 silly audit   '@tailwindcss/oxide-darwin-arm64': [ '4.2.0' ],
63 silly audit   '@tailwindcss/oxide-darwin-x64': [ '4.2.0' ],
63 silly audit   '@tailwindcss/oxide-freebsd-x64': [ '4.2.0' ],
63 silly audit   '@tailwindcss/oxide-linux-arm-gnueabihf': [ '4.2.0' ],
63 silly audit   '@tailwindcss/oxide-linux-arm64-gnu': [ '4.2.0' ],
63 silly audit   '@tailwindcss/oxide-linux-arm64-musl': [ '4.2.0' ],
63 silly audit   '@tailwindcss/oxide-linux-x64-gnu': [ '4.2.0' ],
63 silly audit   '@tailwindcss/oxide-linux-x64-musl': [ '4.2.0' ],
63 silly audit   '@tailwindcss/oxide-win32-arm64-msvc': [ '4.2.0' ],
63 silly audit   '@tailwindcss/oxide-win32-x64-msvc': [ '4.2.0' ],
63 silly audit   '@tailwindcss/postcss': [ '4.2.0' ],
63 silly audit   '@tybys/wasm-util': [ '0.10.1' ],
63 silly audit   '@types/estree': [ '1.0.8' ],
63 silly audit   '@types/json-schema': [ '7.0.15' ],
63 silly audit   '@types/json5': [ '0.0.29' ],
63 silly audit   '@types/node': [ '20.19.33' ],
63 silly audit   '@types/react': [ '19.2.14' ],
63 silly audit   '@types/react-dom': [ '19.2.3' ],
63 silly audit   '@typescript-eslint/eslint-plugin': [ '8.56.0' ],
63 silly audit   ignore: [ '7.0.5', '5.3.2' ],
63 silly audit   '@typescript-eslint/parser': [ '8.56.0' ],
63 silly audit   '@typescript-eslint/project-service': [ '8.56.0' ],
63 silly audit   '@typescript-eslint/scope-manager': [ '8.56.0' ],
63 silly audit   '@typescript-eslint/tsconfig-utils': [ '8.56.0' ],
63 silly audit   '@typescript-eslint/type-utils': [ '8.56.0' ],
63 silly audit   '@typescript-eslint/types': [ '8.56.0' ],
63 silly audit   '@typescript-eslint/typescript-estree': [ '8.56.0' ],
63 silly audit   'balanced-match': [ '4.0.4', '1.0.2' ],
63 silly audit   'brace-expansion': [ '5.0.3', '1.1.12' ],
63 silly audit   minimatch: [ '9.0.6', '3.1.3' ],
63 silly audit   semver: [ '7.7.4', '6.3.1' ],
63 silly audit   '@typescript-eslint/utils': [ '8.56.0' ],
63 silly audit   '@typescript-eslint/visitor-keys': [ '8.56.0' ],
63 silly audit   '@unrs/resolver-binding-android-arm-eabi': [ '1.11.1' ],
63 silly audit   '@unrs/resolver-binding-android-arm64': [ '1.11.1' ],
63 silly audit   '@unrs/resolver-binding-darwin-arm64': [ '1.11.1' ],
63 silly audit   '@unrs/resolver-binding-darwin-x64': [ '1.11.1' ],
63 silly audit   '@unrs/resolver-binding-freebsd-x64': [ '1.11.1' ],
63 silly audit   '@unrs/resolver-binding-linux-arm-gnueabihf': [ '1.11.1' ],
63 silly audit   '@unrs/resolver-binding-linux-arm-musleabihf': [ '1.11.1' ],
63 silly audit   '@unrs/resolver-binding-linux-arm64-gnu': [ '1.11.1' ],
63 silly audit   '@unrs/resolver-binding-linux-arm64-musl': [ '1.11.1' ],
63 silly audit   '@unrs/resolver-binding-linux-ppc64-gnu': [ '1.11.1' ],
63 silly audit   '@unrs/resolver-binding-linux-riscv64-gnu': [ '1.11.1' ],
63 silly audit   '@unrs/resolver-binding-linux-riscv64-musl': [ '1.11.1' ],
63 silly audit   '@unrs/resolver-binding-linux-s390x-gnu': [ '1.11.1' ],
63 silly audit   '@unrs/resolver-binding-linux-x64-gnu': [ '1.11.1' ],
63 silly audit   '@unrs/resolver-binding-linux-x64-musl': [ '1.11.1' ],
63 silly audit   '@unrs/resolver-binding-wasm32-wasi': [ '1.11.1' ],
63 silly audit   '@unrs/resolver-binding-win32-arm64-msvc': [ '1.11.1' ],
63 silly audit   '@unrs/resolver-binding-win32-ia32-msvc': [ '1.11.1' ],
63 silly audit   '@unrs/resolver-binding-win32-x64-msvc': [ '1.11.1' ],
63 silly audit   acorn: [ '8.16.0' ],
63 silly audit   'acorn-jsx': [ '5.3.2' ],
63 silly audit   ajv: [ '6.14.0' ],
63 silly audit   'ansi-styles': [ '4.3.0' ],
63 silly audit   argparse: [ '2.0.1' ],
63 silly audit   'aria-query': [ '5.3.2' ],
63 silly audit   'array-buffer-byte-length': [ '1.0.2' ],
63 silly audit   'array-includes': [ '3.1.9' ],
63 silly audit   'array.prototype.findlast': [ '1.2.5' ],
63 silly audit   'array.prototype.findlastindex': [ '1.2.6' ],
63 silly audit   'array.prototype.flat': [ '1.3.3' ],
63 silly audit   'array.prototype.flatmap': [ '1.3.3' ],
63 silly audit   'array.prototype.tosorted': [ '1.1.4' ],
63 silly audit   'arraybuffer.prototype.slice': [ '1.0.4' ],
63 silly audit   'ast-types-flow': [ '0.0.8' ],
63 silly audit   'async-function': [ '1.0.0' ],
63 silly audit   'available-typed-arrays': [ '1.0.7' ],
63 silly audit   'axe-core': [ '4.11.1' ],
63 silly audit   'axobject-query': [ '4.1.0' ],
63 silly audit   'baseline-browser-mapping': [ '2.10.0' ],
63 silly audit   braces: [ '3.0.3' ],
63 silly audit   browserslist: [ '4.28.1' ],
63 silly audit   'call-bind': [ '1.0.8' ],
63 silly audit   'call-bind-apply-helpers': [ '1.0.2' ],
63 silly audit   'call-bound': [ '1.0.4' ],
63 silly audit   callsites: [ '3.1.0' ],
63 silly audit   'caniuse-lite': [ '1.0.30001772' ],
63 silly audit   chalk: [ '4.1.2' ],
63 silly audit   'chart.js': [ '4.5.1' ],
63 silly audit   'client-only': [ '0.0.1' ],
63 silly audit   'color-convert': [ '2.0.1' ],
63 silly audit   'color-name': [ '1.1.4' ],
63 silly audit   'concat-map': [ '0.0.1' ],
63 silly audit   'convert-source-map': [ '2.0.0' ],
63 silly audit   'cross-spawn': [ '7.0.6' ],
63 silly audit   csstype: [ '3.2.3' ],
63 silly audit   'damerau-levenshtein': [ '1.0.8' ],
63 silly audit   'data-view-buffer': [ '1.0.2' ],
63 silly audit   'data-view-byte-length': [ '1.0.2' ],
63 silly audit   'data-view-byte-offset': [ '1.0.1' ],
63 silly audit   debug: [ '4.4.3', '3.2.7' ],
63 silly audit   'deep-is': [ '0.1.4' ],
63 silly audit   'define-data-property': [ '1.1.4' ],
63 silly audit   'define-properties': [ '1.2.1' ],
63 silly audit   'detect-libc': [ '2.1.2' ],
63 silly audit   doctrine: [ '2.1.0' ],
63 silly audit   'dunder-proto': [ '1.0.1' ],
63 silly audit   'electron-to-chromium': [ '1.5.302' ],
63 silly audit   'emoji-regex': [ '9.2.2' ],
63 silly audit   'enhanced-resolve': [ '5.19.0' ],
63 silly audit   'es-abstract': [ '1.24.1' ],
63 silly audit   'es-define-property': [ '1.0.1' ],
63 silly audit   'es-errors': [ '1.3.0' ],
63 silly audit   'es-iterator-helpers': [ '1.2.2' ],
63 silly audit   'es-object-atoms': [ '1.1.1' ],
63 silly audit   'es-set-tostringtag': [ '2.1.0' ],
63 silly audit   'es-shim-unscopables': [ '1.1.0' ],
63 silly audit   'es-to-primitive': [ '1.3.0' ],
63 silly audit   escalade: [ '3.2.0' ],
63 silly audit   'escape-string-regexp': [ '4.0.0' ],
63 silly audit   eslint: [ '9.39.3' ],
63 silly audit   'eslint-config-next': [ '16.1.6' ],
63 silly audit   globals: [ '16.4.0', '14.0.0' ],
63 silly audit   'eslint-import-resolver-node': [ '0.3.9' ],
63 silly audit   'eslint-import-resolver-typescript': [ '3.10.1' ],
63 silly audit   'eslint-module-utils': [ '2.12.1' ],
63 silly audit   'eslint-plugin-import': [ '2.32.0' ],
63 silly audit   'eslint-plugin-jsx-a11y': [ '6.10.2' ],
63 silly audit   'eslint-plugin-react': [ '7.37.5' ],
63 silly audit   'eslint-plugin-react-hooks': [ '7.0.1' ],
63 silly audit   resolve: [ '2.0.0-next.6', '1.22.11' ],
63 silly audit   'eslint-scope': [ '8.4.0' ],
63 silly audit   espree: [ '10.4.0' ],
63 silly audit   esquery: [ '1.7.0' ],
63 silly audit   esrecurse: [ '4.3.0' ],
63 silly audit   estraverse: [ '5.3.0' ],
63 silly audit   esutils: [ '2.0.3' ],
63 silly audit   'fast-deep-equal': [ '3.1.3' ],
63 silly audit   'fast-glob': [ '3.3.1' ],
63 silly audit   'glob-parent': [ '5.1.2', '6.0.2' ],
63 silly audit   'fast-json-stable-stringify': [ '2.1.0' ],
63 silly audit   'fast-levenshtein': [ '2.0.6' ],
63 silly audit   fastq: [ '1.20.1' ],
63 silly audit   'file-entry-cache': [ '8.0.0' ],
63 silly audit   'fill-range': [ '7.1.1' ],
63 silly audit   'find-up': [ '5.0.0' ],
63 silly audit   'flat-cache': [ '4.0.1' ],
63 silly audit   flatted: [ '3.3.3' ],
63 silly audit   'for-each': [ '0.3.5' ],
63 silly audit   'function-bind': [ '1.1.2' ],
63 silly audit   'function.prototype.name': [ '1.1.8' ],
63 silly audit   'functions-have-names': [ '1.2.3' ],
63 silly audit   'generator-function': [ '2.0.1' ],
63 silly audit   gensync: [ '1.0.0-beta.2' ],
63 silly audit   'get-intrinsic': [ '1.3.0' ],
63 silly audit   'get-proto': [ '1.0.1' ],
63 silly audit   'get-symbol-description': [ '1.1.0' ],
63 silly audit   'get-tsconfig': [ '4.13.6' ],
63 silly audit   globalthis: [ '1.0.4' ],
63 silly audit   gopd: [ '1.2.0' ],
63 silly audit   'graceful-fs': [ '4.2.11' ],
63 silly audit   'has-bigints': [ '1.1.0' ],
63 silly audit   'has-flag': [ '4.0.0' ],
63 silly audit   'has-property-descriptors': [ '1.0.2' ],
63 silly audit   'has-proto': [ '1.2.0' ],
63 silly audit   'has-symbols': [ '1.1.0' ],
63 silly audit   'has-tostringtag': [ '1.0.2' ],
63 silly audit   hasown: [ '2.0.2' ],
63 silly audit   'hermes-estree': [ '0.25.1' ],
63 silly audit   'hermes-parser': [ '0.25.1' ],
63 silly audit   'import-fresh': [ '3.3.1' ],
63 silly audit   imurmurhash: [ '0.1.4' ],
63 silly audit   'internal-slot': [ '1.1.0' ],
63 silly audit   'is-array-buffer': [ '3.0.5' ],
63 silly audit   'is-async-function': [ '2.1.1' ],
63 silly audit   'is-bigint': [ '1.1.0' ],
63 silly audit   'is-boolean-object': [ '1.2.2' ],
63 silly audit   'is-bun-module': [ '2.0.0' ],
63 silly audit   'is-callable': [ '1.2.7' ],
63 silly audit   'is-core-module': [ '2.16.1' ],
63 silly audit   'is-data-view': [ '1.0.2' ],
63 silly audit   'is-date-object': [ '1.1.0' ],
63 silly audit   'is-extglob': [ '2.1.1' ],
63 silly audit   'is-finalizationregistry': [ '1.1.1' ],
63 silly audit   'is-generator-function': [ '1.1.2' ],
63 silly audit   'is-glob': [ '4.0.3' ],
63 silly audit   'is-map': [ '2.0.3' ],
63 silly audit   'is-negative-zero': [ '2.0.3' ],
63 silly audit   'is-number': [ '7.0.0' ],
63 silly audit   'is-number-object': [ '1.1.1' ],
63 silly audit   'is-regex': [ '1.2.1' ],
63 silly audit   'is-set': [ '2.0.3' ],
63 silly audit   'is-shared-array-buffer': [ '1.0.4' ],
63 silly audit   'is-string': [ '1.1.1' ],
63 silly audit   'is-symbol': [ '1.1.1' ],
63 silly audit   'is-typed-array': [ '1.1.15' ],
63 silly audit   'is-weakmap': [ '2.0.2' ],
63 silly audit   'is-weakref': [ '1.1.1' ],
63 silly audit   'is-weakset': [ '2.0.4' ],
63 silly audit   isarray: [ '2.0.5' ],
63 silly audit   isexe: [ '2.0.0' ],
63 silly audit   'iterator.prototype': [ '1.1.5' ],
63 silly audit   jiti: [ '2.6.1' ],
63 silly audit   'js-tokens': [ '4.0.0' ],
63 silly audit   'js-yaml': [ '4.1.1' ],
63 silly audit   jsesc: [ '3.1.0' ],
63 silly audit   'json-buffer': [ '3.0.1' ],
63 silly audit   'json-schema-traverse': [ '0.4.1' ],
63 silly audit   'json-stable-stringify-without-jsonify': [ '1.0.1' ],
63 silly audit   json5: [ '2.2.3', '1.0.2' ],
63 silly audit   'jsx-ast-utils': [ '3.3.5' ],
63 silly audit   keyv: [ '4.5.4' ],
63 silly audit   'language-subtag-registry': [ '0.3.23' ],
63 silly audit   'language-tags': [ '1.0.9' ],
63 silly audit   levn: [ '0.4.1' ],
63 silly audit   lightningcss: [ '1.31.1' ],
63 silly audit   'lightningcss-android-arm64': [ '1.31.1' ],
63 silly audit   'lightningcss-darwin-arm64': [ '1.31.1' ],
63 silly audit   'lightningcss-darwin-x64': [ '1.31.1' ],
63 silly audit   'lightningcss-freebsd-x64': [ '1.31.1' ],
63 silly audit   'lightningcss-linux-arm-gnueabihf': [ '1.31.1' ],
63 silly audit   'lightningcss-linux-arm64-gnu': [ '1.31.1' ],
63 silly audit   'lightningcss-linux-arm64-musl': [ '1.31.1' ],
63 silly audit   'lightningcss-linux-x64-gnu': [ '1.31.1' ],
63 silly audit   'lightningcss-linux-x64-musl': [ '1.31.1' ],
63 silly audit   'lightningcss-win32-arm64-msvc': [ '1.31.1' ],
63 silly audit   'lightningcss-win32-x64-msvc': [ '1.31.1' ],
63 silly audit   'locate-path': [ '6.0.0' ],
63 silly audit   'lodash.merge': [ '4.6.2' ],
63 silly audit   'loose-envify': [ '1.4.0' ],
63 silly audit   'lru-cache': [ '5.1.1' ],
63 silly audit   'magic-string': [ '0.30.21' ],
63 silly audit   'math-intrinsics': [ '1.1.0' ],
63 silly audit   merge2: [ '1.4.1' ],
63 silly audit   micromatch: [ '4.0.8' ],
63 silly audit   minimist: [ '1.2.8' ],
63 silly audit   ms: [ '2.1.3' ],
63 silly audit   nanoid: [ '3.3.11' ],
63 silly audit   'napi-postinstall': [ '0.3.4' ],
63 silly audit   'natural-compare': [ '1.4.0' ],
63 silly audit   next: [ '16.1.6' ],
63 silly audit   postcss: [ '8.4.31', '8.5.6' ],
63 silly audit   'node-exports-info': [ '1.6.0' ],
63 silly audit   'node-releases': [ '2.0.27' ],
63 silly audit   'object-assign': [ '4.1.1' ],
63 silly audit   'object-inspect': [ '1.13.4' ],
63 silly audit   'object-keys': [ '1.1.1' ],
63 silly audit   'object.assign': [ '4.1.7' ],
63 silly audit   'object.entries': [ '1.1.9' ],
63 silly audit   'object.fromentries': [ '2.0.8' ],
63 silly audit   'object.groupby': [ '1.0.3' ],
63 silly audit   'object.values': [ '1.2.1' ],
63 silly audit   optionator: [ '0.9.4' ],
63 silly audit   'own-keys': [ '1.0.1' ],
63 silly audit   'p-limit': [ '3.1.0' ],
63 silly audit   'p-locate': [ '5.0.0' ],
63 silly audit   'parent-module': [ '1.0.1' ],
63 silly audit   'path-exists': [ '4.0.0' ],
63 silly audit   'path-key': [ '3.1.1' ],
63 silly audit   'path-parse': [ '1.0.7' ],
63 silly audit   picocolors: [ '1.1.1' ],
63 silly audit   picomatch: [ '2.3.1', '4.0.3' ],
63 silly audit   'possible-typed-array-names': [ '1.1.0' ],
63 silly audit   'prelude-ls': [ '1.2.1' ],
63 silly audit   'prop-types': [ '15.8.1' ],
63 silly audit   punycode: [ '2.3.1' ],
63 silly audit   'queue-microtask': [ '1.2.3' ],
63 silly audit   react: [ '19.2.3' ],
63 silly audit   'react-chartjs-2': [ '5.3.1' ],
63 silly audit   'react-dom': [ '19.2.3' ],
63 silly audit   'react-is': [ '16.13.1' ],
63 silly audit   'reflect.getprototypeof': [ '1.0.10' ],
63 silly audit   'regexp.prototype.flags': [ '1.5.4' ],
63 silly audit   'resolve-from': [ '4.0.0' ],
63 silly audit   'resolve-pkg-maps': [ '1.0.0' ],
63 silly audit   reusify: [ '1.1.0' ],
63 silly audit   'run-parallel': [ '1.2.0' ],
63 silly audit   'safe-array-concat': [ '1.1.3' ],
63 silly audit   'safe-push-apply': [ '1.0.0' ],
63 silly audit   'safe-regex-test': [ '1.1.0' ],
63 silly audit   scheduler: [ '0.27.0' ],
63 silly audit   'set-function-length': [ '1.2.2' ],
63 silly audit   'set-function-name': [ '2.0.2' ],
63 silly audit   'set-proto': [ '1.0.0' ],
63 silly audit   sharp: [ '0.34.5' ],
63 silly audit   'shebang-command': [ '2.0.0' ],
63 silly audit   'shebang-regex': [ '3.0.0' ],
63 silly audit   'side-channel': [ '1.1.0' ],
63 silly audit   'side-channel-list': [ '1.0.0' ],
63 silly audit   'side-channel-map': [ '1.0.1' ],
63 silly audit   'side-channel-weakmap': [ '1.0.2' ],
63 silly audit   'source-map-js': [ '1.2.1' ],
63 silly audit   'stable-hash': [ '0.0.5' ],
63 silly audit   'stop-iteration-iterator': [ '1.1.0' ],
63 silly audit   'string.prototype.includes': [ '2.0.1' ],
63 silly audit   'string.prototype.matchall': [ '4.0.12' ],
63 silly audit   'string.prototype.repeat': [ '1.0.0' ],
63 silly audit   'string.prototype.trim': [ '1.2.10' ],
63 silly audit   'string.prototype.trimend': [ '1.0.9' ],
63 silly audit   'string.prototype.trimstart': [ '1.0.8' ],
63 silly audit   'strip-bom': [ '3.0.0' ],
63 silly audit   'strip-json-comments': [ '3.1.1' ],
63 silly audit   'styled-jsx': [ '5.1.6' ],
63 silly audit   'supports-color': [ '7.2.0' ],
63 silly audit   'supports-preserve-symlinks-flag': [ '1.0.0' ],
63 silly audit   tailwindcss: [ '4.2.0' ],
63 silly audit   tapable: [ '2.3.0' ],
63 silly audit   tinyglobby: [ '0.2.15' ],
63 silly audit   fdir: [ '6.5.0' ],
63 silly audit   'to-regex-range': [ '5.0.1' ],
63 silly audit   'ts-api-utils': [ '2.4.0' ],
63 silly audit   'tsconfig-paths': [ '3.15.0' ],
63 silly audit   tslib: [ '2.8.1' ],
63 silly audit   'type-check': [ '0.4.0' ],
63 silly audit   'typed-array-buffer': [ '1.0.3' ],
63 silly audit   'typed-array-byte-length': [ '1.0.3' ],
63 silly audit   'typed-array-byte-offset': [ '1.0.4' ],
63 silly audit   'typed-array-length': [ '1.0.7' ],
63 silly audit   typescript: [ '5.9.3' ],
63 silly audit   'typescript-eslint': [ '8.56.0' ],
63 silly audit   'unbox-primitive': [ '1.1.0' ],
63 silly audit   'undici-types': [ '6.21.0' ],
63 silly audit   'unrs-resolver': [ '1.11.1' ],
63 silly audit   'update-browserslist-db': [ '1.2.3' ],
63 silly audit   'uri-js': [ '4.4.1' ],
63 silly audit   which: [ '2.0.2' ],
63 silly audit   'which-boxed-primitive': [ '1.1.1' ],
63 silly audit   'which-builtin-type': [ '1.2.1' ],
63 silly audit   'which-collection': [ '1.0.2' ],
63 silly audit   'which-typed-array': [ '1.1.20' ],
63 silly audit   'word-wrap': [ '1.2.5' ],
63 silly audit   yallist: [ '3.1.1' ],
63 silly audit   'yocto-queue': [ '0.1.0' ],
63 silly audit   zod: [ '4.3.6' ],
63 silly audit   'zod-validation-error': [ '4.0.2' ],
63 silly audit   clsx: [ '2.1.1' ],
63 silly audit   'framer-motion': [ '12.34.3' ],
63 silly audit   'lucide-react': [ '0.575.0' ],
63 silly audit   'tailwind-merge': [ '3.5.0' ],
63 silly audit   'motion-dom': [ '12.34.3' ],
63 silly audit   'motion-utils': [ '12.29.2' ],
63 silly audit   '@tailwindcss/oxide-wasm32-wasi': [ '4.2.0' ]
63 silly audit }
64 verbose reify failed optional dependency /Users/saidharkotha/Desktop/Survey/storepulse-ai/frontend/node_modules/lightningcss-win32-x64-msvc
65 silly reify mark deleted [
65 silly reify   '/Users/saidharkotha/Desktop/Survey/storepulse-ai/frontend/node_modules/lightningcss-win32-x64-msvc'
65 silly reify ]
66 verbose reify failed optional dependency /Users/saidharkotha/Desktop/Survey/storepulse-ai/frontend/node_modules/lightningcss-win32-arm64-msvc
67 silly reify mark deleted [
67 silly reify   '/Users/saidharkotha/Desktop/Survey/storepulse-ai/frontend/node_modules/lightningcss-win32-arm64-msvc'
67 silly reify ]
68 verbose reify failed optional dependency /Users/saidharkotha/Desktop/Survey/storepulse-ai/frontend/node_modules/lightningcss-linux-x64-musl
69 silly reify mark deleted [
69 silly reify   '/Users/saidharkotha/Desktop/Survey/storepulse-ai/frontend/node_modules/lightningcss-linux-x64-musl'
69 silly reify ]
70 verbose reify failed optional dependency /Users/saidharkotha/Desktop/Survey/storepulse-ai/frontend/node_modules/lightningcss-linux-x64-gnu
71 silly reify mark deleted [
71 silly reify   '/Users/saidharkotha/Desktop/Survey/storepulse-ai/frontend/node_modules/lightningcss-linux-x64-gnu'
71 silly reify ]
72 verbose reify failed optional dependency /Users/saidharkotha/Desktop/Survey/storepulse-ai/frontend/node_modules/lightningcss-linux-arm64-musl
73 silly reify mark deleted [
73 silly reify   '/Users/saidharkotha/Desktop/Survey/storepulse-ai/frontend/node_modules/lightningcss-linux-arm64-musl'
73 silly reify ]
74 verbose reify failed optional dependency /Users/saidharkotha/Desktop/Survey/storepulse-ai/frontend/node_modules/lightningcss-linux-arm64-gnu
75 silly reify mark deleted [
75 silly reify   '/Users/saidharkotha/Desktop/Survey/storepulse-ai/frontend/node_modules/lightningcss-linux-arm64-gnu'
75 silly reify ]
76 verbose reify failed optional dependency /Users/saidharkotha/Desktop/Survey/storepulse-ai/frontend/node_modules/lightningcss-linux-arm-gnueabihf
77 silly reify mark deleted [
77 silly reify   '/Users/saidharkotha/Desktop/Survey/storepulse-ai/frontend/node_modules/lightningcss-linux-arm-gnueabihf'
77 silly reify ]
78 verbose reify failed optional dependency /Users/saidharkotha/Desktop/Survey/storepulse-ai/frontend/node_modules/lightningcss-freebsd-x64
79 silly reify mark deleted [
79 silly reify   '/Users/saidharkotha/Desktop/Survey/storepulse-ai/frontend/node_modules/lightningcss-freebsd-x64'
79 silly reify ]
80 verbose reify failed optional dependency /Users/saidharkotha/Desktop/Survey/storepulse-ai/frontend/node_modules/lightningcss-darwin-arm64
81 silly reify mark deleted [
81 silly reify   '/Users/saidharkotha/Desktop/Survey/storepulse-ai/frontend/node_modules/lightningcss-darwin-arm64'
81 silly reify ]
82 verbose reify failed optional dependency /Users/saidharkotha/Desktop/Survey/storepulse-ai/frontend/node_modules/lightningcss-android-arm64
83 silly reify mark deleted [
83 silly reify   '/Users/saidharkotha/Desktop/Survey/storepulse-ai/frontend/node_modules/lightningcss-android-arm64'
83 silly reify ]
84 verbose reify failed optional dependency /Users/saidharkotha/Desktop/Survey/storepulse-ai/frontend/node_modules/@unrs/resolver-binding-win32-x64-msvc
85 silly reify mark deleted [
85 silly reify   '/Users/saidharkotha/Desktop/Survey/storepulse-ai/frontend/node_modules/@unrs/resolver-binding-win32-x64-msvc'
85 silly reify ]
86 verbose reify failed optional dependency /Users/saidharkotha/Desktop/Survey/storepulse-ai/frontend/node_modules/@unrs/resolver-binding-win32-ia32-msvc
87 silly reify mark deleted [
87 silly reify   '/Users/saidharkotha/Desktop/Survey/storepulse-ai/frontend/node_modules/@unrs/resolver-binding-win32-ia32-msvc'
87 silly reify ]
88 verbose reify failed optional dependency /Users/saidharkotha/Desktop/Survey/storepulse-ai/frontend/node_modules/@unrs/resolver-binding-win32-arm64-msvc
89 silly reify mark deleted [
89 silly reify   '/Users/saidharkotha/Desktop/Survey/storepulse-ai/frontend/node_modules/@unrs/resolver-binding-win32-arm64-msvc'
89 silly reify ]
90 verbose reify failed optional dependency /Users/saidharkotha/Desktop/Survey/storepulse-ai/frontend/node_modules/@unrs/resolver-binding-wasm32-wasi
91 silly reify mark deleted [
91 silly reify   '/Users/saidharkotha/Desktop/Survey/storepulse-ai/frontend/node_modules/@unrs/resolver-binding-wasm32-wasi'
91 silly reify ]
92 verbose reify failed optional dependency /Users/saidharkotha/Desktop/Survey/storepulse-ai/frontend/node_modules/@unrs/resolver-binding-linux-x64-musl
93 silly reify mark deleted [
93 silly reify   '/Users/saidharkotha/Desktop/Survey/storepulse-ai/frontend/node_modules/@unrs/resolver-binding-linux-x64-musl'
93 silly reify ]
94 verbose reify failed optional dependency /Users/saidharkotha/Desktop/Survey/storepulse-ai/frontend/node_modules/@unrs/resolver-binding-linux-x64-gnu
95 silly reify mark deleted [
95 silly reify   '/Users/saidharkotha/Desktop/Survey/storepulse-ai/frontend/node_modules/@unrs/resolver-binding-linux-x64-gnu'
95 silly reify ]
96 verbose reify failed optional dependency /Users/saidharkotha/Desktop/Survey/storepulse-ai/frontend/node_modules/@unrs/resolver-binding-linux-s390x-gnu
97 silly reify mark deleted [
97 silly reify   '/Users/saidharkotha/Desktop/Survey/storepulse-ai/frontend/node_modules/@unrs/resolver-binding-linux-s390x-gnu'
97 silly reify ]
98 verbose reify failed optional dependency /Users/saidharkotha/Desktop/Survey/storepulse-ai/frontend/node_modules/@unrs/resolver-binding-linux-riscv64-musl
99 silly reify mark deleted [
99 silly reify   '/Users/saidharkotha/Desktop/Survey/storepulse-ai/frontend/node_modules/@unrs/resolver-binding-linux-riscv64-musl'
99 silly reify ]
100 verbose reify failed optional dependency /Users/saidharkotha/Desktop/Survey/storepulse-ai/frontend/node_modules/@unrs/resolver-binding-linux-riscv64-gnu
101 silly reify mark deleted [
101 silly reify   '/Users/saidharkotha/Desktop/Survey/storepulse-ai/frontend/node_modules/@unrs/resolver-binding-linux-riscv64-gnu'
101 silly reify ]
102 verbose reify failed optional dependency /Users/saidharkotha/Desktop/Survey/storepulse-ai/frontend/node_modules/@unrs/resolver-binding-linux-ppc64-gnu
103 silly reify mark deleted [
103 silly reify   '/Users/saidharkotha/Desktop/Survey/storepulse-ai/frontend/node_modules/@unrs/resolver-binding-linux-ppc64-gnu'
103 silly reify ]
104 verbose reify failed optional dependency /Users/saidharkotha/Desktop/Survey/storepulse-ai/frontend/node_modules/@unrs/resolver-binding-linux-arm64-musl
105 silly reify mark deleted [
105 silly reify   '/Users/saidharkotha/Desktop/Survey/storepulse-ai/frontend/node_modules/@unrs/resolver-binding-linux-arm64-musl'
105 silly reify ]
106 verbose reify failed optional dependency /Users/saidharkotha/Desktop/Survey/storepulse-ai/frontend/node_modules/@unrs/resolver-binding-linux-arm64-gnu
107 silly reify mark deleted [
107 silly reify   '/Users/saidharkotha/Desktop/Survey/storepulse-ai/frontend/node_modules/@unrs/resolver-binding-linux-arm64-gnu'
107 silly reify ]
108 verbose reify failed optional dependency /Users/saidharkotha/Desktop/Survey/storepulse-ai/frontend/node_modules/@unrs/resolver-binding-linux-arm-musleabihf
109 silly reify mark deleted [
109 silly reify   '/Users/saidharkotha/Desktop/Survey/storepulse-ai/frontend/node_modules/@unrs/resolver-binding-linux-arm-musleabihf'
109 silly reify ]
110 verbose reify failed optional dependency /Users/saidharkotha/Desktop/Survey/storepulse-ai/frontend/node_modules/@unrs/resolver-binding-linux-arm-gnueabihf
111 silly reify mark deleted [
111 silly reify   '/Users/saidharkotha/Desktop/Survey/storepulse-ai/frontend/node_modules/@unrs/resolver-binding-linux-arm-gnueabihf'
111 silly reify ]
112 verbose reify failed optional dependency /Users/saidharkotha/Desktop/Survey/storepulse-ai/frontend/node_modules/@unrs/resolver-binding-freebsd-x64
113 silly reify mark deleted [
113 silly reify   '/Users/saidharkotha/Desktop/Survey/storepulse-ai/frontend/node_modules/@unrs/resolver-binding-freebsd-x64'
113 silly reify ]
114 verbose reify failed optional dependency /Users/saidharkotha/Desktop/Survey/storepulse-ai/frontend/node_modules/@unrs/resolver-binding-darwin-arm64
115 silly reify mark deleted [
115 silly reify   '/Users/saidharkotha/Desktop/Survey/storepulse-ai/frontend/node_modules/@unrs/resolver-binding-darwin-arm64'
115 silly reify ]
116 verbose reify failed optional dependency /Users/saidharkotha/Desktop/Survey/storepulse-ai/frontend/node_modules/@unrs/resolver-binding-android-arm64
117 silly reify mark deleted [
117 silly reify   '/Users/saidharkotha/Desktop/Survey/storepulse-ai/frontend/node_modules/@unrs/resolver-binding-android-arm64'
117 silly reify ]
118 verbose reify failed optional dependency /Users/saidharkotha/Desktop/Survey/storepulse-ai/frontend/node_modules/@unrs/resolver-binding-android-arm-eabi
119 silly reify mark deleted [
119 silly reify   '/Users/saidharkotha/Desktop/Survey/storepulse-ai/frontend/node_modules/@unrs/resolver-binding-android-arm-eabi'
119 silly reify ]
120 verbose reify failed optional dependency /Users/saidharkotha/Desktop/Survey/storepulse-ai/frontend/node_modules/@tailwindcss/oxide-win32-x64-msvc
121 silly reify mark deleted [
121 silly reify   '/Users/saidharkotha/Desktop/Survey/storepulse-ai/frontend/node_modules/@tailwindcss/oxide-win32-x64-msvc'
121 silly reify ]
122 verbose reify failed optional dependency /Users/saidharkotha/Desktop/Survey/storepulse-ai/frontend/node_modules/@tailwindcss/oxide-win32-arm64-msvc
123 silly reify mark deleted [
123 silly reify   '/Users/saidharkotha/Desktop/Survey/storepulse-ai/frontend/node_modules/@tailwindcss/oxide-win32-arm64-msvc'
123 silly reify ]
124 verbose reify failed optional dependency /Users/saidharkotha/Desktop/Survey/storepulse-ai/frontend/node_modules/@tailwindcss/oxide-linux-x64-musl
125 silly reify mark deleted [
125 silly reify   '/Users/saidharkotha/Desktop/Survey/storepulse-ai/frontend/node_modules/@tailwindcss/oxide-linux-x64-musl'
125 silly reify ]
126 verbose reify failed optional dependency /Users/saidharkotha/Desktop/Survey/storepulse-ai/frontend/node_modules/@tailwindcss/oxide-linux-x64-gnu
127 silly reify mark deleted [
127 silly reify   '/Users/saidharkotha/Desktop/Survey/storepulse-ai/frontend/node_modules/@tailwindcss/oxide-linux-x64-gnu'
127 silly reify ]
128 verbose reify failed optional dependency /Users/saidharkotha/Desktop/Survey/storepulse-ai/frontend/node_modules/@tailwindcss/oxide-linux-arm64-musl
129 silly reify mark deleted [
129 silly reify   '/Users/saidharkotha/Desktop/Survey/storepulse-ai/frontend/node_modules/@tailwindcss/oxide-linux-arm64-musl'
129 silly reify ]
130 verbose reify failed optional dependency /Users/saidharkotha/Desktop/Survey/storepulse-ai/frontend/node_modules/@tailwindcss/oxide-linux-arm64-gnu
131 silly reify mark deleted [
131 silly reify   '/Users/saidharkotha/Desktop/Survey/storepulse-ai/frontend/node_modules/@tailwindcss/oxide-linux-arm64-gnu'
131 silly reify ]
132 verbose reify failed optional dependency /Users/saidharkotha/Desktop/Survey/storepulse-ai/frontend/node_modules/@tailwindcss/oxide-linux-arm-gnueabihf
133 silly reify mark deleted [
133 silly reify   '/Users/saidharkotha/Desktop/Survey/storepulse-ai/frontend/node_modules/@tailwindcss/oxide-linux-arm-gnueabihf'
133 silly reify ]
134 verbose reify failed optional dependency /Users/saidharkotha/Desktop/Survey/storepulse-ai/frontend/node_modules/@tailwindcss/oxide-freebsd-x64
135 silly reify mark deleted [
135 silly reify   '/Users/saidharkotha/Desktop/Survey/storepulse-ai/frontend/node_modules/@tailwindcss/oxide-freebsd-x64'
135 silly reify ]
136 verbose reify failed optional dependency /Users/saidharkotha/Desktop/Survey/storepulse-ai/frontend/node_modules/@tailwindcss/oxide-darwin-arm64
137 silly reify mark deleted [
137 silly reify   '/Users/saidharkotha/Desktop/Survey/storepulse-ai/frontend/node_modules/@tailwindcss/oxide-darwin-arm64'
137 silly reify ]
138 verbose reify failed optional dependency /Users/saidharkotha/Desktop/Survey/storepulse-ai/frontend/node_modules/@tailwindcss/oxide-android-arm64
139 silly reify mark deleted [
139 silly reify   '/Users/saidharkotha/Desktop/Survey/storepulse-ai/frontend/node_modules/@tailwindcss/oxide-android-arm64'
139 silly reify ]
140 verbose reify failed optional dependency /Users/saidharkotha/Desktop/Survey/storepulse-ai/frontend/node_modules/@next/swc-win32-x64-msvc
141 silly reify mark deleted [
141 silly reify   '/Users/saidharkotha/Desktop/Survey/storepulse-ai/frontend/node_modules/@next/swc-win32-x64-msvc'
141 silly reify ]
142 verbose reify failed optional dependency /Users/saidharkotha/Desktop/Survey/storepulse-ai/frontend/node_modules/@next/swc-win32-arm64-msvc
143 silly reify mark deleted [
143 silly reify   '/Users/saidharkotha/Desktop/Survey/storepulse-ai/frontend/node_modules/@next/swc-win32-arm64-msvc'
143 silly reify ]
144 verbose reify failed optional dependency /Users/saidharkotha/Desktop/Survey/storepulse-ai/frontend/node_modules/@next/swc-linux-x64-musl
145 silly reify mark deleted [
145 silly reify   '/Users/saidharkotha/Desktop/Survey/storepulse-ai/frontend/node_modules/@next/swc-linux-x64-musl'
145 silly reify ]
146 verbose reify failed optional dependency /Users/saidharkotha/Desktop/Survey/storepulse-ai/frontend/node_modules/@next/swc-linux-x64-gnu
147 silly reify mark deleted [
147 silly reify   '/Users/saidharkotha/Desktop/Survey/storepulse-ai/frontend/node_modules/@next/swc-linux-x64-gnu'
147 silly reify ]
148 verbose reify failed optional dependency /Users/saidharkotha/Desktop/Survey/storepulse-ai/frontend/node_modules/@next/swc-linux-arm64-musl
149 silly reify mark deleted [
149 silly reify   '/Users/saidharkotha/Desktop/Survey/storepulse-ai/frontend/node_modules/@next/swc-linux-arm64-musl'
149 silly reify ]
150 verbose reify failed optional dependency /Users/saidharkotha/Desktop/Survey/storepulse-ai/frontend/node_modules/@next/swc-linux-arm64-gnu
151 silly reify mark deleted [
151 silly reify   '/Users/saidharkotha/Desktop/Survey/storepulse-ai/frontend/node_modules/@next/swc-linux-arm64-gnu'
151 silly reify ]
152 verbose reify failed optional dependency /Users/saidharkotha/Desktop/Survey/storepulse-ai/frontend/node_modules/@next/swc-darwin-arm64
153 silly reify mark deleted [
153 silly reify   '/Users/saidharkotha/Desktop/Survey/storepulse-ai/frontend/node_modules/@next/swc-darwin-arm64'
153 silly reify ]
154 verbose reify failed optional dependency /Users/saidharkotha/Desktop/Survey/storepulse-ai/frontend/node_modules/@img/sharp-win32-x64
155 silly reify mark deleted [
155 silly reify   '/Users/saidharkotha/Desktop/Survey/storepulse-ai/frontend/node_modules/@img/sharp-win32-x64'
155 silly reify ]
156 verbose reify failed optional dependency /Users/saidharkotha/Desktop/Survey/storepulse-ai/frontend/node_modules/@img/sharp-win32-ia32
157 silly reify mark deleted [
157 silly reify   '/Users/saidharkotha/Desktop/Survey/storepulse-ai/frontend/node_modules/@img/sharp-win32-ia32'
157 silly reify ]
158 verbose reify failed optional dependency /Users/saidharkotha/Desktop/Survey/storepulse-ai/frontend/node_modules/@img/sharp-win32-arm64
159 silly reify mark deleted [
159 silly reify   '/Users/saidharkotha/Desktop/Survey/storepulse-ai/frontend/node_modules/@img/sharp-win32-arm64'
159 silly reify ]
160 verbose reify failed optional dependency /Users/saidharkotha/Desktop/Survey/storepulse-ai/frontend/node_modules/@img/sharp-wasm32
161 silly reify mark deleted [
161 silly reify   '/Users/saidharkotha/Desktop/Survey/storepulse-ai/frontend/node_modules/@img/sharp-wasm32'
161 silly reify ]
162 verbose reify failed optional dependency /Users/saidharkotha/Desktop/Survey/storepulse-ai/frontend/node_modules/@img/sharp-linuxmusl-x64
163 silly reify mark deleted [
163 silly reify   '/Users/saidharkotha/Desktop/Survey/storepulse-ai/frontend/node_modules/@img/sharp-linuxmusl-x64'
163 silly reify ]
164 verbose reify failed optional dependency /Users/saidharkotha/Desktop/Survey/storepulse-ai/frontend/node_modules/@img/sharp-linuxmusl-arm64
165 silly reify mark deleted [
165 silly reify   '/Users/saidharkotha/Desktop/Survey/storepulse-ai/frontend/node_modules/@img/sharp-linuxmusl-arm64'
165 silly reify ]
166 verbose reify failed optional dependency /Users/saidharkotha/Desktop/Survey/storepulse-ai/frontend/node_modules/@img/sharp-linux-x64
167 silly reify mark deleted [
167 silly reify   '/Users/saidharkotha/Desktop/Survey/storepulse-ai/frontend/node_modules/@img/sharp-linux-x64'
167 silly reify ]
168 verbose reify failed optional dependency /Users/saidharkotha/Desktop/Survey/storepulse-ai/frontend/node_modules/@img/sharp-linux-s390x
169 silly reify mark deleted [
169 silly reify   '/Users/saidharkotha/Desktop/Survey/storepulse-ai/frontend/node_modules/@img/sharp-linux-s390x'
169 silly reify ]
170 verbose reify failed optional dependency /Users/saidharkotha/Desktop/Survey/storepulse-ai/frontend/node_modules/@img/sharp-linux-riscv64
171 silly reify mark deleted [
171 silly reify   '/Users/saidharkotha/Desktop/Survey/storepulse-ai/frontend/node_modules/@img/sharp-linux-riscv64'
171 silly reify ]
172 verbose reify failed optional dependency /Users/saidharkotha/Desktop/Survey/storepulse-ai/frontend/node_modules/@img/sharp-linux-ppc64
173 silly reify mark deleted [
173 silly reify   '/Users/saidharkotha/Desktop/Survey/storepulse-ai/frontend/node_modules/@img/sharp-linux-ppc64'
173 silly reify ]
174 verbose reify failed optional dependency /Users/saidharkotha/Desktop/Survey/storepulse-ai/frontend/node_modules/@img/sharp-linux-arm64
175 silly reify mark deleted [
175 silly reify   '/Users/saidharkotha/Desktop/Survey/storepulse-ai/frontend/node_modules/@img/sharp-linux-arm64'
175 silly reify ]
176 verbose reify failed optional dependency /Users/saidharkotha/Desktop/Survey/storepulse-ai/frontend/node_modules/@img/sharp-linux-arm
177 silly reify mark deleted [
177 silly reify   '/Users/saidharkotha/Desktop/Survey/storepulse-ai/frontend/node_modules/@img/sharp-linux-arm'
177 silly reify ]
178 verbose reify failed optional dependency /Users/saidharkotha/Desktop/Survey/storepulse-ai/frontend/node_modules/@img/sharp-libvips-linuxmusl-x64
179 silly reify mark deleted [
179 silly reify   '/Users/saidharkotha/Desktop/Survey/storepulse-ai/frontend/node_modules/@img/sharp-libvips-linuxmusl-x64'
179 silly reify ]
180 verbose reify failed optional dependency /Users/saidharkotha/Desktop/Survey/storepulse-ai/frontend/node_modules/@img/sharp-libvips-linuxmusl-arm64
181 silly reify mark deleted [
181 silly reify   '/Users/saidharkotha/Desktop/Survey/storepulse-ai/frontend/node_modules/@img/sharp-libvips-linuxmusl-arm64'
181 silly reify ]
182 verbose reify failed optional dependency /Users/saidharkotha/Desktop/Survey/storepulse-ai/frontend/node_modules/@img/sharp-libvips-linux-x64
183 silly reify mark deleted [
183 silly reify   '/Users/saidharkotha/Desktop/Survey/storepulse-ai/frontend/node_modules/@img/sharp-libvips-linux-x64'
183 silly reify ]
184 verbose reify failed optional dependency /Users/saidharkotha/Desktop/Survey/storepulse-ai/frontend/node_modules/@img/sharp-libvips-linux-s390x
185 silly reify mark deleted [
185 silly reify   '/Users/saidharkotha/Desktop/Survey/storepulse-ai/frontend/node_modules/@img/sharp-libvips-linux-s390x'
185 silly reify ]
186 verbose reify failed optional dependency /Users/saidharkotha/Desktop/Survey/storepulse-ai/frontend/node_modules/@img/sharp-libvips-linux-riscv64
187 silly reify mark deleted [
187 silly reify   '/Users/saidharkotha/Desktop/Survey/storepulse-ai/frontend/node_modules/@img/sharp-libvips-linux-riscv64'
187 silly reify ]
188 verbose reify failed optional dependency /Users/saidharkotha/Desktop/Survey/storepulse-ai/frontend/node_modules/@img/sharp-libvips-linux-ppc64
189 silly reify mark deleted [
189 silly reify   '/Users/saidharkotha/Desktop/Survey/storepulse-ai/frontend/node_modules/@img/sharp-libvips-linux-ppc64'
189 silly reify ]
190 verbose reify failed optional dependency /Users/saidharkotha/Desktop/Survey/storepulse-ai/frontend/node_modules/@img/sharp-libvips-linux-arm64
191 silly reify mark deleted [
191 silly reify   '/Users/saidharkotha/Desktop/Survey/storepulse-ai/frontend/node_modules/@img/sharp-libvips-linux-arm64'
191 silly reify ]
192 verbose reify failed optional dependency /Users/saidharkotha/Desktop/Survey/storepulse-ai/frontend/node_modules/@img/sharp-libvips-linux-arm
193 silly reify mark deleted [
193 silly reify   '/Users/saidharkotha/Desktop/Survey/storepulse-ai/frontend/node_modules/@img/sharp-libvips-linux-arm'
193 silly reify ]
194 verbose reify failed optional dependency /Users/saidharkotha/Desktop/Survey/storepulse-ai/frontend/node_modules/@img/sharp-libvips-darwin-arm64
195 silly reify mark deleted [
195 silly reify   '/Users/saidharkotha/Desktop/Survey/storepulse-ai/frontend/node_modules/@img/sharp-libvips-darwin-arm64'
195 silly reify ]
196 verbose reify failed optional dependency /Users/saidharkotha/Desktop/Survey/storepulse-ai/frontend/node_modules/@img/sharp-darwin-arm64
197 silly reify mark deleted [
197 silly reify   '/Users/saidharkotha/Desktop/Survey/storepulse-ai/frontend/node_modules/@img/sharp-darwin-arm64'
197 silly reify ]
198 http cache motion-utils@https://registry.npmjs.org/motion-utils/-/motion-utils-12.29.2.tgz 0ms (cache hit)
199 http cache tailwind-merge@https://registry.npmjs.org/tailwind-merge/-/tailwind-merge-3.5.0.tgz 0ms (cache hit)
200 http cache framer-motion@https://registry.npmjs.org/framer-motion/-/framer-motion-12.34.3.tgz 0ms (cache hit)
201 http cache motion-dom@https://registry.npmjs.org/motion-dom/-/motion-dom-12.34.3.tgz 0ms (cache hit)
202 http cache clsx@https://registry.npmjs.org/clsx/-/clsx-2.1.1.tgz 0ms (cache hit)
203 silly tarball no local data for motion-utils@https://registry.npmjs.org/motion-utils/-/motion-utils-12.29.2.tgz. Extracting by manifest.
204 silly tarball no local data for tailwind-merge@https://registry.npmjs.org/tailwind-merge/-/tailwind-merge-3.5.0.tgz. Extracting by manifest.
205 silly tarball no local data for framer-motion@https://registry.npmjs.org/framer-motion/-/framer-motion-12.34.3.tgz. Extracting by manifest.
206 silly tarball no local data for motion-dom@https://registry.npmjs.org/motion-dom/-/motion-dom-12.34.3.tgz. Extracting by manifest.
207 silly tarball no local data for clsx@https://registry.npmjs.org/clsx/-/clsx-2.1.1.tgz. Extracting by manifest.
208 http fetch POST 200 https://registry.npmjs.org/-/npm/v1/security/advisories/bulk 285ms
209 silly audit report {
209 silly audit report   minimatch: [
209 silly audit report     {
209 silly audit report       id: 1113371,
209 silly audit report       url: 'https://github.com/advisories/GHSA-3ppc-4f35-3m26',
209 silly audit report       title: 'minimatch has a ReDoS via repeated wildcards with non-matching literal in pattern',
209 silly audit report       severity: 'high',
209 silly audit report       vulnerable_versions: '<10.2.1',
209 silly audit report       cwe: [Array],
209 silly audit report       cvss: [Object]
209 silly audit report     }
209 silly audit report   ]
209 silly audit report }
210 silly packumentCache corgi:https://registry.npmjs.org/minimatch cache-miss
211 http fetch GET 200 https://registry.npmjs.org/tailwind-merge/-/tailwind-merge-3.5.0.tgz 311ms (cache miss)
212 http fetch GET 200 https://registry.npmjs.org/minimatch 88ms (cache revalidated)
213 silly packumentCache corgi:https://registry.npmjs.org/minimatch set size:154574 disposed:false
214 silly packumentCache corgi:https://registry.npmjs.org/@typescript-eslint%2ftypescript-estree cache-miss
215 silly packumentCache corgi:https://registry.npmjs.org/@eslint%2fconfig-array cache-miss
216 silly packumentCache corgi:https://registry.npmjs.org/@eslint%2feslintrc cache-miss
217 silly packumentCache corgi:https://registry.npmjs.org/eslint cache-miss
218 silly packumentCache corgi:https://registry.npmjs.org/eslint-plugin-import cache-miss
219 silly packumentCache corgi:https://registry.npmjs.org/eslint-plugin-jsx-a11y cache-miss
220 silly packumentCache corgi:https://registry.npmjs.org/eslint-plugin-react cache-miss
221 http fetch GET 200 https://registry.npmjs.org/clsx/-/clsx-2.1.1.tgz 370ms (cache miss)
222 http fetch GET 200 https://registry.npmjs.org/eslint 80ms (cache revalidated)
223 silly packumentCache corgi:https://registry.npmjs.org/eslint set size:1132877 disposed:false
224 http fetch GET 200 https://registry.npmjs.org/eslint-plugin-jsx-a11y 107ms (cache revalidated)
225 silly packumentCache corgi:https://registry.npmjs.org/eslint-plugin-jsx-a11y set size:108835 disposed:false
226 http fetch GET 200 https://registry.npmjs.org/@typescript-eslint%2ftypescript-estree 126ms (cache revalidated)
227 silly packumentCache corgi:https://registry.npmjs.org/@typescript-eslint%2ftypescript-estree set size:8494054 disposed:false
228 http fetch GET 200 https://registry.npmjs.org/eslint-plugin-react 318ms (cache revalidated)
229 silly packumentCache corgi:https://registry.npmjs.org/eslint-plugin-react set size:309843 disposed:false
230 http fetch GET 200 https://registry.npmjs.org/eslint-plugin-import 323ms (cache revalidated)
231 silly packumentCache corgi:https://registry.npmjs.org/eslint-plugin-import set size:238396 disposed:false
232 http fetch GET 200 https://registry.npmjs.org/@eslint%2fconfig-array 337ms (cache revalidated)
233 silly packumentCache corgi:https://registry.npmjs.org/@eslint%2fconfig-array set size:15303 disposed:false
234 http fetch GET 200 https://registry.npmjs.org/@eslint%2feslintrc 337ms (cache revalidated)
235 silly packumentCache corgi:https://registry.npmjs.org/@eslint%2feslintrc set size:80753 disposed:false
236 silly packumentCache corgi:https://registry.npmjs.org/@eslint-community%2feslint-utils cache-miss
237 silly packumentCache corgi:https://registry.npmjs.org/@typescript-eslint%2feslint-plugin cache-miss
238 silly packumentCache corgi:https://registry.npmjs.org/@typescript-eslint%2fparser cache-miss
239 silly packumentCache corgi:https://registry.npmjs.org/@typescript-eslint%2ftype-utils cache-miss
240 silly packumentCache corgi:https://registry.npmjs.org/@typescript-eslint%2futils cache-miss
241 silly packumentCache corgi:https://registry.npmjs.org/eslint-config-next cache-miss
242 silly packumentCache corgi:https://registry.npmjs.org/eslint-import-resolver-typescript cache-miss
243 silly packumentCache corgi:https://registry.npmjs.org/eslint-plugin-react-hooks cache-miss
244 silly packumentCache corgi:https://registry.npmjs.org/typescript-eslint cache-miss
245 http fetch GET 200 https://registry.npmjs.org/motion-utils/-/motion-utils-12.29.2.tgz 752ms (cache miss)
246 http fetch GET 200 https://registry.npmjs.org/eslint-config-next 131ms (cache revalidated)
247 silly packumentCache corgi:https://registry.npmjs.org/eslint-config-next set size:3715537 disposed:false
248 http fetch GET 200 https://registry.npmjs.org/@eslint-community%2feslint-utils 196ms (cache revalidated)
249 silly packumentCache corgi:https://registry.npmjs.org/@eslint-community%2feslint-utils set size:44347 disposed:false
250 http fetch GET 200 https://registry.npmjs.org/eslint-import-resolver-typescript 202ms (cache revalidated)
251 silly packumentCache corgi:https://registry.npmjs.org/eslint-import-resolver-typescript set size:138502 disposed:false
252 http fetch GET 200 https://registry.npmjs.org/typescript-eslint 204ms (cache revalidated)
253 silly packumentCache corgi:https://registry.npmjs.org/typescript-eslint set size:1533651 disposed:false
254 http fetch GET 200 https://registry.npmjs.org/@typescript-eslint%2ftype-utils 235ms (cache revalidated)
255 silly packumentCache corgi:https://registry.npmjs.org/@typescript-eslint%2ftype-utils set size:4507154 disposed:false
256 http fetch GET 200 https://registry.npmjs.org/@typescript-eslint%2futils 311ms (cache revalidated)
257 silly packumentCache corgi:https://registry.npmjs.org/@typescript-eslint%2futils set size:4517972 disposed:false
258 http fetch GET 200 https://registry.npmjs.org/@typescript-eslint%2feslint-plugin 396ms (cache revalidated)
259 silly packumentCache corgi:https://registry.npmjs.org/@typescript-eslint%2feslint-plugin set size:9349854 disposed:false
260 http fetch GET 200 https://registry.npmjs.org/@typescript-eslint%2fparser 612ms (cache revalidated)
261 silly packumentCache corgi:https://registry.npmjs.org/@typescript-eslint%2fparser set size:7892767 disposed:false
262 http fetch GET 200 https://registry.npmjs.org/eslint-plugin-react-hooks 761ms (cache revalidated)
263 silly packumentCache corgi:https://registry.npmjs.org/eslint-plugin-react-hooks set size:4052651 disposed:false
264 http fetch GET 200 https://registry.npmjs.org/framer-motion/-/framer-motion-12.34.3.tgz 3491ms (cache miss)
265 http fetch GET 200 https://registry.npmjs.org/motion-dom/-/motion-dom-12.34.3.tgz 3650ms (cache miss)
266 silly ADD node_modules/motion-utils
267 silly ADD node_modules/motion-dom
268 silly ADD node_modules/tailwind-merge
269 silly ADD node_modules/framer-motion
270 silly ADD node_modules/clsx
271 silly ADD node_modules/lightningcss-win32-x64-msvc
272 silly ADD node_modules/lightningcss-win32-arm64-msvc
273 silly ADD node_modules/lightningcss-linux-x64-musl
274 silly ADD node_modules/lightningcss-linux-x64-gnu
275 silly ADD node_modules/lightningcss-linux-arm64-musl
276 silly ADD node_modules/lightningcss-linux-arm64-gnu
277 silly ADD node_modules/lightningcss-linux-arm-gnueabihf
278 silly ADD node_modules/lightningcss-freebsd-x64
279 silly ADD node_modules/lightningcss-darwin-arm64
280 silly ADD node_modules/lightningcss-android-arm64
281 silly ADD node_modules/@unrs/resolver-binding-win32-x64-msvc
282 silly ADD node_modules/@unrs/resolver-binding-win32-ia32-msvc
283 silly ADD node_modules/@unrs/resolver-binding-win32-arm64-msvc
284 silly ADD node_modules/@unrs/resolver-binding-wasm32-wasi
285 silly ADD node_modules/@unrs/resolver-binding-linux-x64-musl
286 silly ADD node_modules/@unrs/resolver-binding-linux-x64-gnu
287 silly ADD node_modules/@unrs/resolver-binding-linux-s390x-gnu
288 silly ADD node_modules/@unrs/resolver-binding-linux-riscv64-musl
289 silly ADD node_modules/@unrs/resolver-binding-linux-riscv64-gnu
290 silly ADD node_modules/@unrs/resolver-binding-linux-ppc64-gnu
291 silly ADD node_modules/@unrs/resolver-binding-linux-arm64-musl
292 silly ADD node_modules/@unrs/resolver-binding-linux-arm64-gnu
293 silly ADD node_modules/@unrs/resolver-binding-linux-arm-musleabihf
294 silly ADD node_modules/@unrs/resolver-binding-linux-arm-gnueabihf
295 silly ADD node_modules/@unrs/resolver-binding-freebsd-x64
296 silly ADD node_modules/@unrs/resolver-binding-darwin-arm64
297 silly ADD node_modules/@unrs/resolver-binding-android-arm64
298 silly ADD node_modules/@unrs/resolver-binding-android-arm-eabi
299 silly ADD node_modules/@tailwindcss/oxide-win32-x64-msvc
300 silly ADD node_modules/@tailwindcss/oxide-win32-arm64-msvc
301 silly ADD node_modules/@tailwindcss/oxide-wasm32-wasi
302 silly ADD node_modules/@tailwindcss/oxide-linux-x64-musl
303 silly ADD node_modules/@tailwindcss/oxide-linux-x64-gnu
304 silly ADD node_modules/@tailwindcss/oxide-linux-arm64-musl
305 silly ADD node_modules/@tailwindcss/oxide-linux-arm64-gnu
306 silly ADD node_modules/@tailwindcss/oxide-linux-arm-gnueabihf
307 silly ADD node_modules/@tailwindcss/oxide-freebsd-x64
308 silly ADD node_modules/@tailwindcss/oxide-darwin-arm64
309 silly ADD node_modules/@tailwindcss/oxide-android-arm64
310 silly ADD node_modules/@next/swc-win32-x64-msvc
311 silly ADD node_modules/@next/swc-win32-arm64-msvc
312 silly ADD node_modules/@next/swc-linux-x64-musl
313 silly ADD node_modules/@next/swc-linux-x64-gnu
314 silly ADD node_modules/@next/swc-linux-arm64-musl
315 silly ADD node_modules/@next/swc-linux-arm64-gnu
316 silly ADD node_modules/@next/swc-darwin-arm64
317 silly ADD node_modules/@img/sharp-win32-x64
318 silly ADD node_modules/@img/sharp-win32-ia32
319 silly ADD node_modules/@img/sharp-win32-arm64
320 silly ADD node_modules/@img/sharp-wasm32
321 silly ADD node_modules/@img/sharp-linuxmusl-x64
322 silly ADD node_modules/@img/sharp-linuxmusl-arm64
323 silly ADD node_modules/@img/sharp-linux-x64
324 silly ADD node_modules/@img/sharp-linux-s390x
325 silly ADD node_modules/@img/sharp-linux-riscv64
326 silly ADD node_modules/@img/sharp-linux-ppc64
327 silly ADD node_modules/@img/sharp-linux-arm64
328 silly ADD node_modules/@img/sharp-linux-arm
329 silly ADD node_modules/@img/sharp-libvips-linuxmusl-x64
330 silly ADD node_modules/@img/sharp-libvips-linuxmusl-arm64
331 silly ADD node_modules/@img/sharp-libvips-linux-x64
332 silly ADD node_modules/@img/sharp-libvips-linux-s390x
333 silly ADD node_modules/@img/sharp-libvips-linux-riscv64
334 silly ADD node_modules/@img/sharp-libvips-linux-ppc64
335 silly ADD node_modules/@img/sharp-libvips-linux-arm64
336 silly ADD node_modules/@img/sharp-libvips-linux-arm
337 silly ADD node_modules/@img/sharp-libvips-darwin-arm64
338 silly ADD node_modules/@img/sharp-darwin-arm64
339 verbose cwd /Users/saidharkotha/Desktop/Survey/storepulse-ai/frontend
340 verbose os Darwin 24.6.0
341 verbose node v24.11.0
342 verbose npm  v11.6.1
343 verbose exit 0
344 info ok
