0 verbose cli /usr/local/bin/node /usr/local/bin/npm
1 info using npm@11.6.1
2 info using node@v24.11.0
3 silly config load:file:/usr/local/lib/node_modules/npm/npmrc
4 silly config load:file:/Users/saidharkotha/Desktop/Survey/storepulse-ai/frontend/.npmrc
5 silly config load:file:/Users/saidharkotha/.npmrc
6 silly config load:file:/Users/saidharkotha/.npm-global/etc/npmrc
7 verbose title npm install chart.js react-chartjs-2 lucide-react
8 verbose argv "install" "chart.js" "react-chartjs-2" "lucide-react" "--cache" ".npm-cache"
9 verbose logfile logs-max:10 dir:/Users/saidharkotha/Desktop/Survey/storepulse-ai/frontend/.npm-cache/_logs/2026-02-23T00_59_33_888Z-
10 verbose logfile /Users/saidharkotha/Desktop/Survey/storepulse-ai/frontend/.npm-cache/_logs/2026-02-23T00_59_33_888Z-debug-0.log
11 silly logfile done cleaning log files
12 silly packumentCache heap:2348810240 maxSize:587202560 maxEntrySize:293601280
13 silly idealTree buildDeps
14 silly fetch manifest chart.js@*
15 silly packumentCache full:https://registry.npmjs.org/chart.js cache-miss
16 http fetch GET 200 https://registry.npmjs.org/chart.js 337ms (cache miss)
17 silly packumentCache full:https://registry.npmjs.org/chart.js set size:undefined disposed:false
18 silly fetch manifest react-chartjs-2@*
19 silly packumentCache full:https://registry.npmjs.org/react-chartjs-2 cache-miss
20 http fetch GET 200 https://registry.npmjs.org/react-chartjs-2 72ms (cache miss)
21 silly packumentCache full:https://registry.npmjs.org/react-chartjs-2 set size:undefined disposed:false
22 silly fetch manifest react@19.2.3
23 silly packumentCache full:https://registry.npmjs.org/react cache-miss
24 http cache https://registry.npmjs.org/react 26ms (cache hit)
25 silly packumentCache full:https://registry.npmjs.org/react set size:6508025 disposed:false
26 silly fetch manifest lucide-react@*
27 silly packumentCache full:https://registry.npmjs.org/lucide-react cache-miss
28 http fetch GET 200 https://registry.npmjs.org/lucide-react 132ms (cache miss)
29 silly packumentCache full:https://registry.npmjs.org/lucide-react set size:undefined disposed:false
30 silly placeDep ROOT chart.js@4.5.1 OK for: frontend@0.1.0 want: *
31 silly placeDep ROOT lucide-react@0.575.0 OK for: frontend@0.1.0 want: *
32 silly placeDep ROOT react-chartjs-2@5.3.1 OK for: frontend@0.1.0 want: *
33 silly fetch manifest @kurkle/color@^0.3.0
34 silly packumentCache full:https://registry.npmjs.org/@kurkle%2fcolor cache-miss
35 http fetch GET 200 https://registry.npmjs.org/@kurkle%2fcolor 80ms (cache miss)
36 silly packumentCache full:https://registry.npmjs.org/@kurkle%2fcolor set size:undefined disposed:false
37 silly placeDep ROOT @kurkle/color@0.3.4 OK for: chart.js@4.5.1 want: ^0.3.0
38 silly reify moves {}
39 silly audit bulk request {
39 silly audit   '@alloc/quick-lru': [ '5.2.0' ],
39 silly audit   '@babel/code-frame': [ '7.29.0' ],
39 silly audit   '@babel/compat-data': [ '7.29.0' ],
39 silly audit   '@babel/core': [ '7.29.0' ],
39 silly audit   '@babel/generator': [ '7.29.1' ],
39 silly audit   '@babel/helper-compilation-targets': [ '7.28.6' ],
39 silly audit   '@babel/helper-globals': [ '7.28.0' ],
39 silly audit   '@babel/helper-module-imports': [ '7.28.6' ],
39 silly audit   '@babel/helper-module-transforms': [ '7.28.6' ],
39 silly audit   '@babel/helper-string-parser': [ '7.27.1' ],
39 silly audit   '@babel/helper-validator-identifier': [ '7.28.5' ],
39 silly audit   '@babel/helper-validator-option': [ '7.27.1' ],
39 silly audit   '@babel/helpers': [ '7.28.6' ],
39 silly audit   '@babel/parser': [ '7.29.0' ],
39 silly audit   '@babel/template': [ '7.28.6' ],
39 silly audit   '@babel/traverse': [ '7.29.0' ],
39 silly audit   '@babel/types': [ '7.29.0' ],
39 silly audit   '@emnapi/core': [ '1.8.1' ],
39 silly audit   '@emnapi/runtime': [ '1.8.1' ],
39 silly audit   '@emnapi/wasi-threads': [ '1.1.0' ],
39 silly audit   '@eslint-community/eslint-utils': [ '4.9.1' ],
39 silly audit   'eslint-visitor-keys': [ '3.4.3', '5.0.1', '4.2.1' ],
39 silly audit   '@eslint-community/regexpp': [ '4.12.2' ],
39 silly audit   '@eslint/config-array': [ '0.21.1' ],
39 silly audit   '@eslint/config-helpers': [ '0.4.2' ],
39 silly audit   '@eslint/core': [ '0.17.0' ],
39 silly audit   '@eslint/eslintrc': [ '3.3.3' ],
39 silly audit   '@eslint/js': [ '9.39.3' ],
39 silly audit   '@eslint/object-schema': [ '2.1.7' ],
39 silly audit   '@eslint/plugin-kit': [ '0.4.1' ],
39 silly audit   '@humanfs/core': [ '0.19.1' ],
39 silly audit   '@humanfs/node': [ '0.16.7' ],
39 silly audit   '@humanwhocodes/module-importer': [ '1.0.1' ],
39 silly audit   '@humanwhocodes/retry': [ '0.4.3' ],
39 silly audit   '@img/colour': [ '1.0.0' ],
39 silly audit   '@img/sharp-darwin-arm64': [ '0.34.5' ],
39 silly audit   '@img/sharp-darwin-x64': [ '0.34.5' ],
39 silly audit   '@img/sharp-libvips-darwin-arm64': [ '1.2.4' ],
39 silly audit   '@img/sharp-libvips-darwin-x64': [ '1.2.4' ],
39 silly audit   '@img/sharp-libvips-linux-arm': [ '1.2.4' ],
39 silly audit   '@img/sharp-libvips-linux-arm64': [ '1.2.4' ],
39 silly audit   '@img/sharp-libvips-linux-ppc64': [ '1.2.4' ],
39 silly audit   '@img/sharp-libvips-linux-riscv64': [ '1.2.4' ],
39 silly audit   '@img/sharp-libvips-linux-s390x': [ '1.2.4' ],
39 silly audit   '@img/sharp-libvips-linux-x64': [ '1.2.4' ],
39 silly audit   '@img/sharp-libvips-linuxmusl-arm64': [ '1.2.4' ],
39 silly audit   '@img/sharp-libvips-linuxmusl-x64': [ '1.2.4' ],
39 silly audit   '@img/sharp-linux-arm': [ '0.34.5' ],
39 silly audit   '@img/sharp-linux-arm64': [ '0.34.5' ],
39 silly audit   '@img/sharp-linux-ppc64': [ '0.34.5' ],
39 silly audit   '@img/sharp-linux-riscv64': [ '0.34.5' ],
39 silly audit   '@img/sharp-linux-s390x': [ '0.34.5' ],
39 silly audit   '@img/sharp-linux-x64': [ '0.34.5' ],
39 silly audit   '@img/sharp-linuxmusl-arm64': [ '0.34.5' ],
39 silly audit   '@img/sharp-linuxmusl-x64': [ '0.34.5' ],
39 silly audit   '@img/sharp-wasm32': [ '0.34.5' ],
39 silly audit   '@img/sharp-win32-arm64': [ '0.34.5' ],
39 silly audit   '@img/sharp-win32-ia32': [ '0.34.5' ],
39 silly audit   '@img/sharp-win32-x64': [ '0.34.5' ],
39 silly audit   '@jridgewell/gen-mapping': [ '0.3.13' ],
39 silly audit   '@jridgewell/remapping': [ '2.3.5' ],
39 silly audit   '@jridgewell/resolve-uri': [ '3.1.2' ],
39 silly audit   '@jridgewell/sourcemap-codec': [ '1.5.5' ],
39 silly audit   '@jridgewell/trace-mapping': [ '0.3.31' ],
39 silly audit   '@napi-rs/wasm-runtime': [ '0.2.12' ],
39 silly audit   '@next/env': [ '16.1.6' ],
39 silly audit   '@next/eslint-plugin-next': [ '16.1.6' ],
39 silly audit   '@next/swc-darwin-arm64': [ '16.1.6' ],
39 silly audit   '@next/swc-darwin-x64': [ '16.1.6' ],
39 silly audit   '@next/swc-linux-arm64-gnu': [ '16.1.6' ],
39 silly audit   '@next/swc-linux-arm64-musl': [ '16.1.6' ],
39 silly audit   '@next/swc-linux-x64-gnu': [ '16.1.6' ],
39 silly audit   '@next/swc-linux-x64-musl': [ '16.1.6' ],
39 silly audit   '@next/swc-win32-arm64-msvc': [ '16.1.6' ],
39 silly audit   '@next/swc-win32-x64-msvc': [ '16.1.6' ],
39 silly audit   '@nodelib/fs.scandir': [ '2.1.5' ],
39 silly audit   '@nodelib/fs.stat': [ '2.0.5' ],
39 silly audit   '@nodelib/fs.walk': [ '1.2.8' ],
39 silly audit   '@nolyfill/is-core-module': [ '1.0.39' ],
39 silly audit   '@rtsao/scc': [ '1.1.0' ],
39 silly audit   '@swc/helpers': [ '0.5.15' ],
39 silly audit   '@tailwindcss/node': [ '4.2.0' ],
39 silly audit   '@tailwindcss/oxide': [ '4.2.0' ],
39 silly audit   '@tailwindcss/oxide-android-arm64': [ '4.2.0' ],
39 silly audit   '@tailwindcss/oxide-darwin-arm64': [ '4.2.0' ],
39 silly audit   '@tailwindcss/oxide-darwin-x64': [ '4.2.0' ],
39 silly audit   '@tailwindcss/oxide-freebsd-x64': [ '4.2.0' ],
39 silly audit   '@tailwindcss/oxide-linux-arm-gnueabihf': [ '4.2.0' ],
39 silly audit   '@tailwindcss/oxide-linux-arm64-gnu': [ '4.2.0' ],
39 silly audit   '@tailwindcss/oxide-linux-arm64-musl': [ '4.2.0' ],
39 silly audit   '@tailwindcss/oxide-linux-x64-gnu': [ '4.2.0' ],
39 silly audit   '@tailwindcss/oxide-linux-x64-musl': [ '4.2.0' ],
39 silly audit   '@tailwindcss/oxide-wasm32-wasi': [ '4.2.0' ],
39 silly audit   '@tailwindcss/oxide-win32-arm64-msvc': [ '4.2.0' ],
39 silly audit   '@tailwindcss/oxide-win32-x64-msvc': [ '4.2.0' ],
39 silly audit   '@tailwindcss/postcss': [ '4.2.0' ],
39 silly audit   '@tybys/wasm-util': [ '0.10.1' ],
39 silly audit   '@types/estree': [ '1.0.8' ],
39 silly audit   '@types/json-schema': [ '7.0.15' ],
39 silly audit   '@types/json5': [ '0.0.29' ],
39 silly audit   '@types/node': [ '20.19.33' ],
39 silly audit   '@types/react': [ '19.2.14' ],
39 silly audit   '@types/react-dom': [ '19.2.3' ],
39 silly audit   '@typescript-eslint/eslint-plugin': [ '8.56.0' ],
39 silly audit   ignore: [ '7.0.5', '5.3.2' ],
39 silly audit   '@typescript-eslint/parser': [ '8.56.0' ],
39 silly audit   '@typescript-eslint/project-service': [ '8.56.0' ],
39 silly audit   '@typescript-eslint/scope-manager': [ '8.56.0' ],
39 silly audit   '@typescript-eslint/tsconfig-utils': [ '8.56.0' ],
39 silly audit   '@typescript-eslint/type-utils': [ '8.56.0' ],
39 silly audit   '@typescript-eslint/types': [ '8.56.0' ],
39 silly audit   '@typescript-eslint/typescript-estree': [ '8.56.0' ],
39 silly audit   'balanced-match': [ '4.0.4', '1.0.2' ],
39 silly audit   'brace-expansion': [ '5.0.3', '1.1.12' ],
39 silly audit   minimatch: [ '9.0.6', '3.1.3' ],
39 silly audit   semver: [ '7.7.4', '6.3.1' ],
39 silly audit   '@typescript-eslint/utils': [ '8.56.0' ],
39 silly audit   '@typescript-eslint/visitor-keys': [ '8.56.0' ],
39 silly audit   '@unrs/resolver-binding-android-arm-eabi': [ '1.11.1' ],
39 silly audit   '@unrs/resolver-binding-android-arm64': [ '1.11.1' ],
39 silly audit   '@unrs/resolver-binding-darwin-arm64': [ '1.11.1' ],
39 silly audit   '@unrs/resolver-binding-darwin-x64': [ '1.11.1' ],
39 silly audit   '@unrs/resolver-binding-freebsd-x64': [ '1.11.1' ],
39 silly audit   '@unrs/resolver-binding-linux-arm-gnueabihf': [ '1.11.1' ],
39 silly audit   '@unrs/resolver-binding-linux-arm-musleabihf': [ '1.11.1' ],
39 silly audit   '@unrs/resolver-binding-linux-arm64-gnu': [ '1.11.1' ],
39 silly audit   '@unrs/resolver-binding-linux-arm64-musl': [ '1.11.1' ],
39 silly audit   '@unrs/resolver-binding-linux-ppc64-gnu': [ '1.11.1' ],
39 silly audit   '@unrs/resolver-binding-linux-riscv64-gnu': [ '1.11.1' ],
39 silly audit   '@unrs/resolver-binding-linux-riscv64-musl': [ '1.11.1' ],
39 silly audit   '@unrs/resolver-binding-linux-s390x-gnu': [ '1.11.1' ],
39 silly audit   '@unrs/resolver-binding-linux-x64-gnu': [ '1.11.1' ],
39 silly audit   '@unrs/resolver-binding-linux-x64-musl': [ '1.11.1' ],
39 silly audit   '@unrs/resolver-binding-wasm32-wasi': [ '1.11.1' ],
39 silly audit   '@unrs/resolver-binding-win32-arm64-msvc': [ '1.11.1' ],
39 silly audit   '@unrs/resolver-binding-win32-ia32-msvc': [ '1.11.1' ],
39 silly audit   '@unrs/resolver-binding-win32-x64-msvc': [ '1.11.1' ],
39 silly audit   acorn: [ '8.16.0' ],
39 silly audit   'acorn-jsx': [ '5.3.2' ],
39 silly audit   ajv: [ '6.14.0' ],
39 silly audit   'ansi-styles': [ '4.3.0' ],
39 silly audit   argparse: [ '2.0.1' ],
39 silly audit   'aria-query': [ '5.3.2' ],
39 silly audit   'array-buffer-byte-length': [ '1.0.2' ],
39 silly audit   'array-includes': [ '3.1.9' ],
39 silly audit   'array.prototype.findlast': [ '1.2.5' ],
39 silly audit   'array.prototype.findlastindex': [ '1.2.6' ],
39 silly audit   'array.prototype.flat': [ '1.3.3' ],
39 silly audit   'array.prototype.flatmap': [ '1.3.3' ],
39 silly audit   'array.prototype.tosorted': [ '1.1.4' ],
39 silly audit   'arraybuffer.prototype.slice': [ '1.0.4' ],
39 silly audit   'ast-types-flow': [ '0.0.8' ],
39 silly audit   'async-function': [ '1.0.0' ],
39 silly audit   'available-typed-arrays': [ '1.0.7' ],
39 silly audit   'axe-core': [ '4.11.1' ],
39 silly audit   'axobject-query': [ '4.1.0' ],
39 silly audit   'baseline-browser-mapping': [ '2.10.0' ],
39 silly audit   braces: [ '3.0.3' ],
39 silly audit   browserslist: [ '4.28.1' ],
39 silly audit   'call-bind': [ '1.0.8' ],
39 silly audit   'call-bind-apply-helpers': [ '1.0.2' ],
39 silly audit   'call-bound': [ '1.0.4' ],
39 silly audit   callsites: [ '3.1.0' ],
39 silly audit   'caniuse-lite': [ '1.0.30001772' ],
39 silly audit   chalk: [ '4.1.2' ],
39 silly audit   'client-only': [ '0.0.1' ],
39 silly audit   'color-convert': [ '2.0.1' ],
39 silly audit   'color-name': [ '1.1.4' ],
39 silly audit   'concat-map': [ '0.0.1' ],
39 silly audit   'convert-source-map': [ '2.0.0' ],
39 silly audit   'cross-spawn': [ '7.0.6' ],
39 silly audit   csstype: [ '3.2.3' ],
39 silly audit   'damerau-levenshtein': [ '1.0.8' ],
39 silly audit   'data-view-buffer': [ '1.0.2' ],
39 silly audit   'data-view-byte-length': [ '1.0.2' ],
39 silly audit   'data-view-byte-offset': [ '1.0.1' ],
39 silly audit   debug: [ '4.4.3', '3.2.7' ],
39 silly audit   'deep-is': [ '0.1.4' ],
39 silly audit   'define-data-property': [ '1.1.4' ],
39 silly audit   'define-properties': [ '1.2.1' ],
39 silly audit   'detect-libc': [ '2.1.2' ],
39 silly audit   doctrine: [ '2.1.0' ],
39 silly audit   'dunder-proto': [ '1.0.1' ],
39 silly audit   'electron-to-chromium': [ '1.5.302' ],
39 silly audit   'emoji-regex': [ '9.2.2' ],
39 silly audit   'enhanced-resolve': [ '5.19.0' ],
39 silly audit   'es-abstract': [ '1.24.1' ],
39 silly audit   'es-define-property': [ '1.0.1' ],
39 silly audit   'es-errors': [ '1.3.0' ],
39 silly audit   'es-iterator-helpers': [ '1.2.2' ],
39 silly audit   'es-object-atoms': [ '1.1.1' ],
39 silly audit   'es-set-tostringtag': [ '2.1.0' ],
39 silly audit   'es-shim-unscopables': [ '1.1.0' ],
39 silly audit   'es-to-primitive': [ '1.3.0' ],
39 silly audit   escalade: [ '3.2.0' ],
39 silly audit   'escape-string-regexp': [ '4.0.0' ],
39 silly audit   eslint: [ '9.39.3' ],
39 silly audit   'eslint-config-next': [ '16.1.6' ],
39 silly audit   globals: [ '16.4.0', '14.0.0' ],
39 silly audit   'eslint-import-resolver-node': [ '0.3.9' ],
39 silly audit   'eslint-import-resolver-typescript': [ '3.10.1' ],
39 silly audit   'eslint-module-utils': [ '2.12.1' ],
39 silly audit   'eslint-plugin-import': [ '2.32.0' ],
39 silly audit   'eslint-plugin-jsx-a11y': [ '6.10.2' ],
39 silly audit   'eslint-plugin-react': [ '7.37.5' ],
39 silly audit   'eslint-plugin-react-hooks': [ '7.0.1' ],
39 silly audit   resolve: [ '2.0.0-next.6', '1.22.11' ],
39 silly audit   'eslint-scope': [ '8.4.0' ],
39 silly audit   espree: [ '10.4.0' ],
39 silly audit   esquery: [ '1.7.0' ],
39 silly audit   esrecurse: [ '4.3.0' ],
39 silly audit   estraverse: [ '5.3.0' ],
39 silly audit   esutils: [ '2.0.3' ],
39 silly audit   'fast-deep-equal': [ '3.1.3' ],
39 silly audit   'fast-glob': [ '3.3.1' ],
39 silly audit   'glob-parent': [ '5.1.2', '6.0.2' ],
39 silly audit   'fast-json-stable-stringify': [ '2.1.0' ],
39 silly audit   'fast-levenshtein': [ '2.0.6' ],
39 silly audit   fastq: [ '1.20.1' ],
39 silly audit   'file-entry-cache': [ '8.0.0' ],
39 silly audit   'fill-range': [ '7.1.1' ],
39 silly audit   'find-up': [ '5.0.0' ],
39 silly audit   'flat-cache': [ '4.0.1' ],
39 silly audit   flatted: [ '3.3.3' ],
39 silly audit   'for-each': [ '0.3.5' ],
39 silly audit   'function-bind': [ '1.1.2' ],
39 silly audit   'function.prototype.name': [ '1.1.8' ],
39 silly audit   'functions-have-names': [ '1.2.3' ],
39 silly audit   'generator-function': [ '2.0.1' ],
39 silly audit   gensync: [ '1.0.0-beta.2' ],
39 silly audit   'get-intrinsic': [ '1.3.0' ],
39 silly audit   'get-proto': [ '1.0.1' ],
39 silly audit   'get-symbol-description': [ '1.1.0' ],
39 silly audit   'get-tsconfig': [ '4.13.6' ],
39 silly audit   globalthis: [ '1.0.4' ],
39 silly audit   gopd: [ '1.2.0' ],
39 silly audit   'graceful-fs': [ '4.2.11' ],
39 silly audit   'has-bigints': [ '1.1.0' ],
39 silly audit   'has-flag': [ '4.0.0' ],
39 silly audit   'has-property-descriptors': [ '1.0.2' ],
39 silly audit   'has-proto': [ '1.2.0' ],
39 silly audit   'has-symbols': [ '1.1.0' ],
39 silly audit   'has-tostringtag': [ '1.0.2' ],
39 silly audit   hasown: [ '2.0.2' ],
39 silly audit   'hermes-estree': [ '0.25.1' ],
39 silly audit   'hermes-parser': [ '0.25.1' ],
39 silly audit   'import-fresh': [ '3.3.1' ],
39 silly audit   imurmurhash: [ '0.1.4' ],
39 silly audit   'internal-slot': [ '1.1.0' ],
39 silly audit   'is-array-buffer': [ '3.0.5' ],
39 silly audit   'is-async-function': [ '2.1.1' ],
39 silly audit   'is-bigint': [ '1.1.0' ],
39 silly audit   'is-boolean-object': [ '1.2.2' ],
39 silly audit   'is-bun-module': [ '2.0.0' ],
39 silly audit   'is-callable': [ '1.2.7' ],
39 silly audit   'is-core-module': [ '2.16.1' ],
39 silly audit   'is-data-view': [ '1.0.2' ],
39 silly audit   'is-date-object': [ '1.1.0' ],
39 silly audit   'is-extglob': [ '2.1.1' ],
39 silly audit   'is-finalizationregistry': [ '1.1.1' ],
39 silly audit   'is-generator-function': [ '1.1.2' ],
39 silly audit   'is-glob': [ '4.0.3' ],
39 silly audit   'is-map': [ '2.0.3' ],
39 silly audit   'is-negative-zero': [ '2.0.3' ],
39 silly audit   'is-number': [ '7.0.0' ],
39 silly audit   'is-number-object': [ '1.1.1' ],
39 silly audit   'is-regex': [ '1.2.1' ],
39 silly audit   'is-set': [ '2.0.3' ],
39 silly audit   'is-shared-array-buffer': [ '1.0.4' ],
39 silly audit   'is-string': [ '1.1.1' ],
39 silly audit   'is-symbol': [ '1.1.1' ],
39 silly audit   'is-typed-array': [ '1.1.15' ],
39 silly audit   'is-weakmap': [ '2.0.2' ],
39 silly audit   'is-weakref': [ '1.1.1' ],
39 silly audit   'is-weakset': [ '2.0.4' ],
39 silly audit   isarray: [ '2.0.5' ],
39 silly audit   isexe: [ '2.0.0' ],
39 silly audit   'iterator.prototype': [ '1.1.5' ],
39 silly audit   jiti: [ '2.6.1' ],
39 silly audit   'js-tokens': [ '4.0.0' ],
39 silly audit   'js-yaml': [ '4.1.1' ],
39 silly audit   jsesc: [ '3.1.0' ],
39 silly audit   'json-buffer': [ '3.0.1' ],
39 silly audit   'json-schema-traverse': [ '0.4.1' ],
39 silly audit   'json-stable-stringify-without-jsonify': [ '1.0.1' ],
39 silly audit   json5: [ '2.2.3', '1.0.2' ],
39 silly audit   'jsx-ast-utils': [ '3.3.5' ],
39 silly audit   keyv: [ '4.5.4' ],
39 silly audit   'language-subtag-registry': [ '0.3.23' ],
39 silly audit   'language-tags': [ '1.0.9' ],
39 silly audit   levn: [ '0.4.1' ],
39 silly audit   lightningcss: [ '1.31.1' ],
39 silly audit   'lightningcss-android-arm64': [ '1.31.1' ],
39 silly audit   'lightningcss-darwin-arm64': [ '1.31.1' ],
39 silly audit   'lightningcss-darwin-x64': [ '1.31.1' ],
39 silly audit   'lightningcss-freebsd-x64': [ '1.31.1' ],
39 silly audit   'lightningcss-linux-arm-gnueabihf': [ '1.31.1' ],
39 silly audit   'lightningcss-linux-arm64-gnu': [ '1.31.1' ],
39 silly audit   'lightningcss-linux-arm64-musl': [ '1.31.1' ],
39 silly audit   'lightningcss-linux-x64-gnu': [ '1.31.1' ],
39 silly audit   'lightningcss-linux-x64-musl': [ '1.31.1' ],
39 silly audit   'lightningcss-win32-arm64-msvc': [ '1.31.1' ],
39 silly audit   'lightningcss-win32-x64-msvc': [ '1.31.1' ],
39 silly audit   'locate-path': [ '6.0.0' ],
39 silly audit   'lodash.merge': [ '4.6.2' ],
39 silly audit   'loose-envify': [ '1.4.0' ],
39 silly audit   'lru-cache': [ '5.1.1' ],
39 silly audit   'magic-string': [ '0.30.21' ],
39 silly audit   'math-intrinsics': [ '1.1.0' ],
39 silly audit   merge2: [ '1.4.1' ],
39 silly audit   micromatch: [ '4.0.8' ],
39 silly audit   minimist: [ '1.2.8' ],
39 silly audit   ms: [ '2.1.3' ],
39 silly audit   nanoid: [ '3.3.11' ],
39 silly audit   'napi-postinstall': [ '0.3.4' ],
39 silly audit   'natural-compare': [ '1.4.0' ],
39 silly audit   next: [ '16.1.6' ],
39 silly audit   postcss: [ '8.4.31', '8.5.6' ],
39 silly audit   'node-exports-info': [ '1.6.0' ],
39 silly audit   'node-releases': [ '2.0.27' ],
39 silly audit   'object-assign': [ '4.1.1' ],
39 silly audit   'object-inspect': [ '1.13.4' ],
39 silly audit   'object-keys': [ '1.1.1' ],
39 silly audit   'object.assign': [ '4.1.7' ],
39 silly audit   'object.entries': [ '1.1.9' ],
39 silly audit   'object.fromentries': [ '2.0.8' ],
39 silly audit   'object.groupby': [ '1.0.3' ],
39 silly audit   'object.values': [ '1.2.1' ],
39 silly audit   optionator: [ '0.9.4' ],
39 silly audit   'own-keys': [ '1.0.1' ],
39 silly audit   'p-limit': [ '3.1.0' ],
39 silly audit   'p-locate': [ '5.0.0' ],
39 silly audit   'parent-module': [ '1.0.1' ],
39 silly audit   'path-exists': [ '4.0.0' ],
39 silly audit   'path-key': [ '3.1.1' ],
39 silly audit   'path-parse': [ '1.0.7' ],
39 silly audit   picocolors: [ '1.1.1' ],
39 silly audit   picomatch: [ '2.3.1', '4.0.3' ],
39 silly audit   'possible-typed-array-names': [ '1.1.0' ],
39 silly audit   'prelude-ls': [ '1.2.1' ],
39 silly audit   'prop-types': [ '15.8.1' ],
39 silly audit   punycode: [ '2.3.1' ],
39 silly audit   'queue-microtask': [ '1.2.3' ],
39 silly audit   react: [ '19.2.3' ],
39 silly audit   'react-dom': [ '19.2.3' ],
39 silly audit   'react-is': [ '16.13.1' ],
39 silly audit   'reflect.getprototypeof': [ '1.0.10' ],
39 silly audit   'regexp.prototype.flags': [ '1.5.4' ],
39 silly audit   'resolve-from': [ '4.0.0' ],
39 silly audit   'resolve-pkg-maps': [ '1.0.0' ],
39 silly audit   reusify: [ '1.1.0' ],
39 silly audit   'run-parallel': [ '1.2.0' ],
39 silly audit   'safe-array-concat': [ '1.1.3' ],
39 silly audit   'safe-push-apply': [ '1.0.0' ],
39 silly audit   'safe-regex-test': [ '1.1.0' ],
39 silly audit   scheduler: [ '0.27.0' ],
39 silly audit   'set-function-length': [ '1.2.2' ],
39 silly audit   'set-function-name': [ '2.0.2' ],
39 silly audit   'set-proto': [ '1.0.0' ],
39 silly audit   sharp: [ '0.34.5' ],
39 silly audit   'shebang-command': [ '2.0.0' ],
39 silly audit   'shebang-regex': [ '3.0.0' ],
39 silly audit   'side-channel': [ '1.1.0' ],
39 silly audit   'side-channel-list': [ '1.0.0' ],
39 silly audit   'side-channel-map': [ '1.0.1' ],
39 silly audit   'side-channel-weakmap': [ '1.0.2' ],
39 silly audit   'source-map-js': [ '1.2.1' ],
39 silly audit   'stable-hash': [ '0.0.5' ],
39 silly audit   'stop-iteration-iterator': [ '1.1.0' ],
39 silly audit   'string.prototype.includes': [ '2.0.1' ],
39 silly audit   'string.prototype.matchall': [ '4.0.12' ],
39 silly audit   'string.prototype.repeat': [ '1.0.0' ],
39 silly audit   'string.prototype.trim': [ '1.2.10' ],
39 silly audit   'string.prototype.trimend': [ '1.0.9' ],
39 silly audit   'string.prototype.trimstart': [ '1.0.8' ],
39 silly audit   'strip-bom': [ '3.0.0' ],
39 silly audit   'strip-json-comments': [ '3.1.1' ],
39 silly audit   'styled-jsx': [ '5.1.6' ],
39 silly audit   'supports-color': [ '7.2.0' ],
39 silly audit   'supports-preserve-symlinks-flag': [ '1.0.0' ],
39 silly audit   tailwindcss: [ '4.2.0' ],
39 silly audit   tapable: [ '2.3.0' ],
39 silly audit   tinyglobby: [ '0.2.15' ],
39 silly audit   fdir: [ '6.5.0' ],
39 silly audit   'to-regex-range': [ '5.0.1' ],
39 silly audit   'ts-api-utils': [ '2.4.0' ],
39 silly audit   'tsconfig-paths': [ '3.15.0' ],
39 silly audit   tslib: [ '2.8.1' ],
39 silly audit   'type-check': [ '0.4.0' ],
39 silly audit   'typed-array-buffer': [ '1.0.3' ],
39 silly audit   'typed-array-byte-length': [ '1.0.3' ],
39 silly audit   'typed-array-byte-offset': [ '1.0.4' ],
39 silly audit   'typed-array-length': [ '1.0.7' ],
39 silly audit   typescript: [ '5.9.3' ],
39 silly audit   'typescript-eslint': [ '8.56.0' ],
39 silly audit   'unbox-primitive': [ '1.1.0' ],
39 silly audit   'undici-types': [ '6.21.0' ],
39 silly audit   'unrs-resolver': [ '1.11.1' ],
39 silly audit   'update-browserslist-db': [ '1.2.3' ],
39 silly audit   'uri-js': [ '4.4.1' ],
39 silly audit   which: [ '2.0.2' ],
39 silly audit   'which-boxed-primitive': [ '1.1.1' ],
39 silly audit   'which-builtin-type': [ '1.2.1' ],
39 silly audit   'which-collection': [ '1.0.2' ],
39 silly audit   'which-typed-array': [ '1.1.20' ],
39 silly audit   'word-wrap': [ '1.2.5' ],
39 silly audit   yallist: [ '3.1.1' ],
39 silly audit   'yocto-queue': [ '0.1.0' ],
39 silly audit   zod: [ '4.3.6' ],
39 silly audit   'zod-validation-error': [ '4.0.2' ],
39 silly audit   'chart.js': [ '4.5.1' ],
39 silly audit   'lucide-react': [ '0.575.0' ],
39 silly audit   'react-chartjs-2': [ '5.3.1' ],
39 silly audit   '@kurkle/color': [ '0.3.4' ]
39 silly audit }
40 http cache @kurkle/color@https://registry.npmjs.org/@kurkle/color/-/color-0.3.4.tgz 0ms (cache hit)
41 http cache react-chartjs-2@https://registry.npmjs.org/react-chartjs-2/-/react-chartjs-2-5.3.1.tgz 0ms (cache hit)
42 http cache lucide-react@https://registry.npmjs.org/lucide-react/-/lucide-react-0.575.0.tgz 0ms (cache hit)
43 http cache chart.js@https://registry.npmjs.org/chart.js/-/chart.js-4.5.1.tgz 0ms (cache hit)
44 silly tarball no local data for @kurkle/color@https://registry.npmjs.org/@kurkle/color/-/color-0.3.4.tgz. Extracting by manifest.
45 silly tarball no local data for react-chartjs-2@https://registry.npmjs.org/react-chartjs-2/-/react-chartjs-2-5.3.1.tgz. Extracting by manifest.
46 silly tarball no local data for lucide-react@https://registry.npmjs.org/lucide-react/-/lucide-react-0.575.0.tgz. Extracting by manifest.
47 silly tarball no local data for chart.js@https://registry.npmjs.org/chart.js/-/chart.js-4.5.1.tgz. Extracting by manifest.
48 http fetch POST 200 https://registry.npmjs.org/-/npm/v1/security/advisories/bulk 148ms
49 silly audit report {
49 silly audit report   minimatch: [
49 silly audit report     {
49 silly audit report       id: 1113371,
49 silly audit report       url: 'https://github.com/advisories/GHSA-3ppc-4f35-3m26',
49 silly audit report       title: 'minimatch has a ReDoS via repeated wildcards with non-matching literal in pattern',
49 silly audit report       severity: 'high',
49 silly audit report       vulnerable_versions: '<10.2.1',
49 silly audit report       cwe: [Array],
49 silly audit report       cvss: [Object]
49 silly audit report     }
49 silly audit report   ]
49 silly audit report }
50 silly packumentCache corgi:https://registry.npmjs.org/minimatch cache-miss
51 http cache https://registry.npmjs.org/minimatch 9ms (cache hit)
52 silly packumentCache corgi:https://registry.npmjs.org/minimatch set size:154574 disposed:false
53 silly packumentCache corgi:https://registry.npmjs.org/@typescript-eslint%2ftypescript-estree cache-miss
54 silly packumentCache corgi:https://registry.npmjs.org/@eslint%2fconfig-array cache-miss
55 silly packumentCache corgi:https://registry.npmjs.org/@eslint%2feslintrc cache-miss
56 silly packumentCache corgi:https://registry.npmjs.org/eslint cache-miss
57 silly packumentCache corgi:https://registry.npmjs.org/eslint-plugin-import cache-miss
58 silly packumentCache corgi:https://registry.npmjs.org/eslint-plugin-jsx-a11y cache-miss
59 silly packumentCache corgi:https://registry.npmjs.org/eslint-plugin-react cache-miss
60 http cache https://registry.npmjs.org/eslint-plugin-import 18ms (cache hit)
61 silly packumentCache corgi:https://registry.npmjs.org/eslint-plugin-import set size:238396 disposed:false
62 http cache https://registry.npmjs.org/@eslint%2fconfig-array 25ms (cache hit)
63 silly packumentCache corgi:https://registry.npmjs.org/@eslint%2fconfig-array set size:15303 disposed:false
64 http cache https://registry.npmjs.org/@eslint%2feslintrc 25ms (cache hit)
65 silly packumentCache corgi:https://registry.npmjs.org/@eslint%2feslintrc set size:80753 disposed:false
66 http cache https://registry.npmjs.org/eslint-plugin-jsx-a11y 26ms (cache hit)
67 silly packumentCache corgi:https://registry.npmjs.org/eslint-plugin-jsx-a11y set size:108835 disposed:false
68 http cache https://registry.npmjs.org/eslint 31ms (cache hit)
69 silly packumentCache corgi:https://registry.npmjs.org/eslint set size:1132877 disposed:false
70 http cache https://registry.npmjs.org/eslint-plugin-react 69ms (cache hit)
71 silly packumentCache corgi:https://registry.npmjs.org/eslint-plugin-react set size:309843 disposed:false
72 http cache https://registry.npmjs.org/@typescript-eslint%2ftypescript-estree 93ms (cache hit)
73 silly packumentCache corgi:https://registry.npmjs.org/@typescript-eslint%2ftypescript-estree set size:8494054 disposed:false
74 silly packumentCache corgi:https://registry.npmjs.org/eslint-config-next cache-miss
75 silly packumentCache corgi:https://registry.npmjs.org/eslint-import-resolver-typescript cache-miss
76 http cache https://registry.npmjs.org/eslint-import-resolver-typescript 40ms (cache hit)
77 silly packumentCache corgi:https://registry.npmjs.org/eslint-import-resolver-typescript set size:138502 disposed:false
78 http cache https://registry.npmjs.org/eslint-config-next 51ms (cache hit)
79 silly packumentCache corgi:https://registry.npmjs.org/eslint-config-next set size:3715537 disposed:false
80 http fetch GET 200 https://registry.npmjs.org/@kurkle/color/-/color-0.3.4.tgz 567ms (cache miss)
81 silly packumentCache corgi:https://registry.npmjs.org/@eslint-community%2feslint-utils cache-miss
82 silly packumentCache corgi:https://registry.npmjs.org/@typescript-eslint%2feslint-plugin cache-miss
83 silly packumentCache corgi:https://registry.npmjs.org/@typescript-eslint%2fparser cache-miss
84 silly packumentCache corgi:https://registry.npmjs.org/@typescript-eslint%2ftype-utils cache-miss
85 silly packumentCache corgi:https://registry.npmjs.org/@typescript-eslint%2futils cache-miss
86 silly packumentCache corgi:https://registry.npmjs.org/eslint-plugin-react-hooks cache-miss
87 silly packumentCache corgi:https://registry.npmjs.org/typescript-eslint cache-miss
88 http fetch GET 200 https://registry.npmjs.org/react-chartjs-2/-/react-chartjs-2-5.3.1.tgz 713ms (cache miss)
89 http cache https://registry.npmjs.org/@eslint-community%2feslint-utils 120ms (cache hit)
90 silly packumentCache corgi:https://registry.npmjs.org/@eslint-community%2feslint-utils set size:44347 disposed:false
91 http cache https://registry.npmjs.org/@typescript-eslint%2futils 145ms (cache hit)
92 silly packumentCache corgi:https://registry.npmjs.org/@typescript-eslint%2futils set size:4517972 disposed:false
93 http cache https://registry.npmjs.org/eslint-plugin-react-hooks 246ms (cache hit)
94 silly packumentCache corgi:https://registry.npmjs.org/eslint-plugin-react-hooks set size:4052651 disposed:false
95 http cache https://registry.npmjs.org/@typescript-eslint%2fparser 331ms (cache hit)
96 silly packumentCache corgi:https://registry.npmjs.org/@typescript-eslint%2fparser set size:7892767 disposed:false
97 http cache https://registry.npmjs.org/@typescript-eslint%2feslint-plugin 522ms (cache hit)
98 silly packumentCache corgi:https://registry.npmjs.org/@typescript-eslint%2feslint-plugin set size:9349854 disposed:false
99 http cache https://registry.npmjs.org/@typescript-eslint%2ftype-utils 740ms (cache hit)
100 silly packumentCache corgi:https://registry.npmjs.org/@typescript-eslint%2ftype-utils set size:4507154 disposed:false
101 http cache https://registry.npmjs.org/typescript-eslint 830ms (cache hit)
102 silly packumentCache corgi:https://registry.npmjs.org/typescript-eslint set size:1533651 disposed:false
103 http fetch GET 200 https://registry.npmjs.org/chart.js/-/chart.js-4.5.1.tgz 6265ms (cache miss)
104 http fetch GET 200 https://registry.npmjs.org/lucide-react/-/lucide-react-0.575.0.tgz 12702ms (cache miss)
105 silly ADD node_modules/@kurkle/color
106 silly ADD node_modules/react-chartjs-2
107 silly ADD node_modules/lucide-react
108 silly ADD node_modules/chart.js
109 verbose cwd /Users/saidharkotha/Desktop/Survey/storepulse-ai/frontend
110 verbose os Darwin 24.6.0
111 verbose node v24.11.0
112 verbose npm  v11.6.1
113 verbose exit 0
114 info ok
